<font style="color: orange;"> Process started. PID = 24217 </font> </br>
<tt style="color: red;"><b>E</b></tt>&nbsp;<font style="font-size: 1.6em; line-height: 0.0em; ">|</font> fuse: invalid argument `my_file' </br>
<tt style="color: red;"><b>E</b></tt>&nbsp;<font style="font-size: 1.6em; line-height: 0.0em; ">|</font>  </br>
<tt style="color: red;"><b>E</b></tt>&nbsp;<font style="font-size: 1.6em; line-height: 0.0em; ">|</font> ================================================================= </br>
<tt style="color: red;"><b>E</b></tt>&nbsp;<font style="font-size: 1.6em; line-height: 0.0em; ">|</font> ==24217==ERROR: LeakSanitizer: detected memory leaks </br>
<tt style="color: red;"><b>E</b></tt>&nbsp;<font style="font-size: 1.6em; line-height: 0.0em; ">|</font>  </br>
<tt style="color: red;"><b>E</b></tt>&nbsp;<font style="font-size: 1.6em; line-height: 0.0em; ">|</font> Direct leak of 114 byte(s) in 1 object(s) allocated from: </br>
<tt style="color: red;"><b>E</b></tt>&nbsp;<font style="font-size: 1.6em; line-height: 0.0em; ">|</font>     #0 0x7f1c972e29c1 in realloc (/usr/lib/x86_64-linux-gnu/libasan.so.2+0x989c1) </br>
<tt style="color: red;"><b>E</b></tt>&nbsp;<font style="font-size: 1.6em; line-height: 0.0em; ">|</font>     #1 0x7f1c970259db  (/lib/x86_64-linux-gnu/libfuse.so.2+0x179db) </br>
<tt style="color: red;"><b>E</b></tt>&nbsp;<font style="font-size: 1.6em; line-height: 0.0em; ">|</font>  </br>
<tt style="color: red;"><b>E</b></tt>&nbsp;<font style="font-size: 1.6em; line-height: 0.0em; ">|</font> Direct leak of 64 byte(s) in 1 object(s) allocated from: </br>
<tt style="color: red;"><b>E</b></tt>&nbsp;<font style="font-size: 1.6em; line-height: 0.0em; ">|</font>     #0 0x7f1c972e29c1 in realloc (/usr/lib/x86_64-linux-gnu/libasan.so.2+0x989c1) </br>
<tt style="color: red;"><b>E</b></tt>&nbsp;<font style="font-size: 1.6em; line-height: 0.0em; ">|</font>     #1 0x7f1c97025abf in fuse_opt_add_arg (/lib/x86_64-linux-gnu/libfuse.so.2+0x17abf) </br>
<tt style="color: red;"><b>E</b></tt>&nbsp;<font style="font-size: 1.6em; line-height: 0.0em; ">|</font>  </br>
<tt style="color: red;"><b>E</b></tt>&nbsp;<font style="font-size: 1.6em; line-height: 0.0em; ">|</font> Indirect leak of 96 byte(s) in 7 object(s) allocated from: </br>
<tt style="color: red;"><b>E</b></tt>&nbsp;<font style="font-size: 1.6em; line-height: 0.0em; ">|</font>     #0 0x7f1c972e2662 in malloc (/usr/lib/x86_64-linux-gnu/libasan.so.2+0x98662) </br>
<tt style="color: red;"><b>E</b></tt>&nbsp;<font style="font-size: 1.6em; line-height: 0.0em; ">|</font>     #1 0x7f1c96ccf489 in __strdup (/lib/x86_64-linux-gnu/libc.so.6+0x8b489) </br>
<tt style="color: red;"><b>E</b></tt>&nbsp;<font style="font-size: 1.6em; line-height: 0.0em; ">|</font>  </br>
<tt style="color: red;"><b>E</b></tt>&nbsp;<font style="font-size: 1.6em; line-height: 0.0em; ">|</font> SUMMARY: AddressSanitizer: 274 byte(s) leaked in 9 allocation(s). </br>
<font style="color: orange;"> Process finished. Exit code 23 </font> </br>
