<font style="color: orange;"> Process started. PID = 1786 </font> </br>
<tt style="color: white;"><b>O</b></tt>&nbsp;<font style="font-size: 1.6em; line-height: 0.0em; ">|</font> ERROR:root:ERR sdff </br>
<tt style="color: white;"><b>O</b></tt>&nbsp;<font style="font-size: 1.6em; line-height: 0.0em; ">|</font> ERROR:root:ERR u'/' 0L </br>
<tt style="color: white;"><b>O</b></tt>&nbsp;<font style="font-size: 1.6em; line-height: 0.0em; ">|</font> ERROR:root:ERR u'/' 0L </br>
<tt style="color: white;"><b>O</b></tt>&nbsp;<font style="font-size: 1.6em; line-height: 0.0em; ">|</font> ERROR:root:ERR u'/' 0L </br>
<tt style="color: white;"><b>O</b></tt>&nbsp;<font style="font-size: 1.6em; line-height: 0.0em; ">|</font> ERROR:root:ERR u'/' 0L </br>
<tt style="color: white;"><b>O</b></tt>&nbsp;<font style="font-size: 1.6em; line-height: 0.0em; ">|</font> ERROR:root:ERR u'/' 0L </br>
<tt style="color: white;"><b>O</b></tt>&nbsp;<font style="font-size: 1.6em; line-height: 0.0em; ">|</font> ERROR:root:ERR u'/' 0L </br>
<tt style="color: white;"><b>O</b></tt>&nbsp;<font style="font-size: 1.6em; line-height: 0.0em; ">|</font> ERROR:root:ERR u'/' 0L </br>
<tt style="color: white;"><b>O</b></tt>&nbsp;<font style="font-size: 1.6em; line-height: 0.0em; ">|</font> ERROR:root:ERR u'/' 0L </br>
<tt style="color: white;"><b>O</b></tt>&nbsp;<font style="font-size: 1.6em; line-height: 0.0em; ">|</font> ERROR:root:ERR u'/' 0L </br>
<tt style="color: white;"><b>O</b></tt>&nbsp;<font style="font-size: 1.6em; line-height: 0.0em; ">|</font> ERROR:root:ERR u'/' 0L </br>
<tt style="color: white;"><b>O</b></tt>&nbsp;<font style="font-size: 1.6em; line-height: 0.0em; ">|</font> ERROR:root:ERR u'/' 0L </br>
<tt style="color: white;"><b>O</b></tt>&nbsp;<font style="font-size: 1.6em; line-height: 0.0em; ">|</font> ERROR:root:ERR u'/' 0L </br>
<tt style="color: white;"><b>O</b></tt>&nbsp;<font style="font-size: 1.6em; line-height: 0.0em; ">|</font> ERROR:root:ERR u'/' 0L </br>
<tt style="color: white;"><b>O</b></tt>&nbsp;<font style="font-size: 1.6em; line-height: 0.0em; ">|</font> ERROR:root:ERR u'/' 0L </br>
<tt style="color: white;"><b>O</b></tt>&nbsp;<font style="font-size: 1.6em; line-height: 0.0em; ">|</font> ERROR:root:ERR u'/' 0L </br>
<tt style="color: white;"><b>O</b></tt>&nbsp;<font style="font-size: 1.6em; line-height: 0.0em; ">|</font> ERROR:root:ERR u'/' 0L </br>
<tt style="color: white;"><b>O</b></tt>&nbsp;<font style="font-size: 1.6em; line-height: 0.0em; ">|</font> ERROR:root:ERR u'/' 0L </br>
<tt style="color: white;"><b>O</b></tt>&nbsp;<font style="font-size: 1.6em; line-height: 0.0em; ">|</font> ERROR:root:ERR u'/' 0L </br>
<tt style="color: white;"><b>O</b></tt>&nbsp;<font style="font-size: 1.6em; line-height: 0.0em; ">|</font> ERROR:root:ERR u'/' 0L </br>
<tt style="color: white;"><b>O</b></tt>&nbsp;<font style="font-size: 1.6em; line-height: 0.0em; ">|</font> ERROR:root:ERR u'/' 0L </br>
<tt style="color: white;"><b>O</b></tt>&nbsp;<font style="font-size: 1.6em; line-height: 0.0em; ">|</font> ERROR:root:ERR u'/' 0L </br>
<tt style="color: white;"><b>O</b></tt>&nbsp;<font style="font-size: 1.6em; line-height: 0.0em; ">|</font> ERROR:root:ERR u'/' 0L </br>
<tt style="color: white;"><b>O</b></tt>&nbsp;<font style="font-size: 1.6em; line-height: 0.0em; ">|</font> ERROR:root:ERR u'/' 0L </br>
<tt style="color: white;"><b>O</b></tt>&nbsp;<font style="font-size: 1.6em; line-height: 0.0em; ">|</font> ERROR:root:ERR u'/' 0L </br>
<tt style="color: white;"><b>O</b></tt>&nbsp;<font style="font-size: 1.6em; line-height: 0.0em; ">|</font> ERROR:root:ERR u'/headline 2' 0L </br>
<tt style="color: white;"><b>O</b></tt>&nbsp;<font style="font-size: 1.6em; line-height: 0.0em; ">|</font> ERROR:root:ERR u'/headline 9' 0L </br>
<tt style="color: white;"><b>O</b></tt>&nbsp;<font style="font-size: 1.6em; line-height: 0.0em; ">|</font> ERROR:root:ERR u'/headline 9/inner headline 1' 0L </br>
<tt style="color: white;"><b>O</b></tt>&nbsp;<font style="font-size: 1.6em; line-height: 0.0em; ">|</font> ERROR:root:ERR u'/headline 9/inner headline 2' 0L </br>
<tt style="color: white;"><b>O</b></tt>&nbsp;<font style="font-size: 1.6em; line-height: 0.0em; ">|</font> ERROR:root:ERR u'/headline 9/inner headline 3' 0L </br>
<tt style="color: white;"><b>O</b></tt>&nbsp;<font style="font-size: 1.6em; line-height: 0.0em; ">|</font> ERROR:root:ERR u'/headline 9/inner headline 3/inner inner headline 1' 0L </br>
<tt style="color: white;"><b>O</b></tt>&nbsp;<font style="font-size: 1.6em; line-height: 0.0em; ">|</font> ERROR:root:ERR u'/' 0L </br>
<tt style="color: white;"><b>O</b></tt>&nbsp;<font style="font-size: 1.6em; line-height: 0.0em; ">|</font> ERROR:root:ERR u'/' 0L </br>
<tt style="color: white;"><b>O</b></tt>&nbsp;<font style="font-size: 1.6em; line-height: 0.0em; ">|</font> ERROR:root:ERR u'/headline 2' 0L </br>
<tt style="color: white;"><b>O</b></tt>&nbsp;<font style="font-size: 1.6em; line-height: 0.0em; ">|</font> ERROR:root:ERR u'/headline 9' 0L </br>
<tt style="color: white;"><b>O</b></tt>&nbsp;<font style="font-size: 1.6em; line-height: 0.0em; ">|</font> ERROR:root:ERR u'/headline 9/inner headline 1' 0L </br>
<tt style="color: white;"><b>O</b></tt>&nbsp;<font style="font-size: 1.6em; line-height: 0.0em; ">|</font> ERROR:root:ERR u'/headline 9/inner headline 2' 0L </br>
<tt style="color: white;"><b>O</b></tt>&nbsp;<font style="font-size: 1.6em; line-height: 0.0em; ">|</font> ERROR:root:ERR u'/headline 9/inner headline 3' 0L </br>
<tt style="color: white;"><b>O</b></tt>&nbsp;<font style="font-size: 1.6em; line-height: 0.0em; ">|</font> ERROR:root:ERR u'/headline 9/inner headline 3/inner inner headline 1' 0L </br>
<font style="color: orange;"> Process finished. Exit code 0 </font> </br>
