<font style="color: orange;"> Process started. PID = 1703 </font> </br>
<tt style="color: white;"><b>O</b></tt>&nbsp;<font style="font-size: 1.6em; line-height: 0.0em; ">|</font> DEBUG:fuse.log-mixin:-> init / () </br>
<tt style="color: white;"><b>O</b></tt>&nbsp;<font style="font-size: 1.6em; line-height: 0.0em; ">|</font> DEBUG:fuse.log-mixin:<- init None </br>
<tt style="color: white;"><b>O</b></tt>&nbsp;<font style="font-size: 1.6em; line-height: 0.0em; ">|</font> DEBUG:fuse.log-mixin:-> getattr /.xdg-volume-info (None,) </br>
<tt style="color: white;"><b>O</b></tt>&nbsp;<font style="font-size: 1.6em; line-height: 0.0em; ">|</font> DEBUG:fuse.log-mixin:<- getattr '[Errno 2] No such file or directory' </br>
<tt style="color: white;"><b>O</b></tt>&nbsp;<font style="font-size: 1.6em; line-height: 0.0em; ">|</font> DEBUG:fuse:FUSE operation getattr raised a <class 'fuse.FuseOSError'>, returning errno 2. </br>
<tt style="color: white;"><b>O</b></tt>&nbsp;<font style="font-size: 1.6em; line-height: 0.0em; ">|</font> Traceback (most recent call last): </br>
<tt style="color: white;"><b>O</b></tt>&nbsp;<font style="font-size: 1.6em; line-height: 0.0em; ">|</font>   File "/home/pechatnov/.local/lib/python2.7/site-packages/fuse.py", line 734, in _wrapper </br>
<tt style="color: white;"><b>O</b></tt>&nbsp;<font style="font-size: 1.6em; line-height: 0.0em; ">|</font>     return func(*args, **kwargs) or 0 </br>
<tt style="color: white;"><b>O</b></tt>&nbsp;<font style="font-size: 1.6em; line-height: 0.0em; ">|</font>   File "/home/pechatnov/.local/lib/python2.7/site-packages/fuse.py", line 774, in getattr </br>
<tt style="color: white;"><b>O</b></tt>&nbsp;<font style="font-size: 1.6em; line-height: 0.0em; ">|</font>     return self.fgetattr(path, buf, None) </br>
<tt style="color: white;"><b>O</b></tt>&nbsp;<font style="font-size: 1.6em; line-height: 0.0em; ">|</font>   File "/home/pechatnov/.local/lib/python2.7/site-packages/fuse.py", line 1027, in fgetattr </br>
<tt style="color: white;"><b>O</b></tt>&nbsp;<font style="font-size: 1.6em; line-height: 0.0em; ">|</font>     attrs = self.operations('getattr', self._decode_optional_path(path), fh) </br>
<tt style="color: white;"><b>O</b></tt>&nbsp;<font style="font-size: 1.6em; line-height: 0.0em; ">|</font>   File "/home/pechatnov/.local/lib/python2.7/site-packages/fuse.py", line 1251, in __call__ </br>
<tt style="color: white;"><b>O</b></tt>&nbsp;<font style="font-size: 1.6em; line-height: 0.0em; ">|</font>     ret = getattr(self, op)(path, *args) </br>
<tt style="color: white;"><b>O</b></tt>&nbsp;<font style="font-size: 1.6em; line-height: 0.0em; ">|</font>   File "fuse_json.py", line 170, in getattr </br>
<tt style="color: white;"><b>O</b></tt>&nbsp;<font style="font-size: 1.6em; line-height: 0.0em; ">|</font>     raise FuseOSError(ENOENT) </br>
<tt style="color: white;"><b>O</b></tt>&nbsp;<font style="font-size: 1.6em; line-height: 0.0em; ">|</font> FuseOSError: [Errno 2] No such file or directory </br>
<tt style="color: white;"><b>O</b></tt>&nbsp;<font style="font-size: 1.6em; line-height: 0.0em; ">|</font> DEBUG:fuse.log-mixin:-> access / (4,) </br>
<tt style="color: white;"><b>O</b></tt>&nbsp;<font style="font-size: 1.6em; line-height: 0.0em; ">|</font> DEBUG:fuse.log-mixin:<- access 0 </br>
<tt style="color: white;"><b>O</b></tt>&nbsp;<font style="font-size: 1.6em; line-height: 0.0em; ">|</font> DEBUG:fuse.log-mixin:-> opendir / () </br>
<tt style="color: white;"><b>O</b></tt>&nbsp;<font style="font-size: 1.6em; line-height: 0.0em; ">|</font> DEBUG:fuse.log-mixin:<- opendir 0 </br>
<tt style="color: white;"><b>O</b></tt>&nbsp;<font style="font-size: 1.6em; line-height: 0.0em; ">|</font> DEBUG:fuse.log-mixin:-> getattr /autorun.inf (None,) </br>
<tt style="color: white;"><b>O</b></tt>&nbsp;<font style="font-size: 1.6em; line-height: 0.0em; ">|</font> DEBUG:fuse.log-mixin:<- getattr '[Errno 2] No such file or directory' </br>
<tt style="color: white;"><b>O</b></tt>&nbsp;<font style="font-size: 1.6em; line-height: 0.0em; ">|</font> DEBUG:fuse:FUSE operation getattr raised a <class 'fuse.FuseOSError'>, returning errno 2. </br>
<tt style="color: white;"><b>O</b></tt>&nbsp;<font style="font-size: 1.6em; line-height: 0.0em; ">|</font> Traceback (most recent call last): </br>
<tt style="color: white;"><b>O</b></tt>&nbsp;<font style="font-size: 1.6em; line-height: 0.0em; ">|</font>   File "/home/pechatnov/.local/lib/python2.7/site-packages/fuse.py", line 734, in _wrapper </br>
<tt style="color: white;"><b>O</b></tt>&nbsp;<font style="font-size: 1.6em; line-height: 0.0em; ">|</font>     return func(*args, **kwargs) or 0 </br>
<tt style="color: white;"><b>O</b></tt>&nbsp;<font style="font-size: 1.6em; line-height: 0.0em; ">|</font>   File "/home/pechatnov/.local/lib/python2.7/site-packages/fuse.py", line 774, in getattr </br>
<tt style="color: white;"><b>O</b></tt>&nbsp;<font style="font-size: 1.6em; line-height: 0.0em; ">|</font>     return self.fgetattr(path, buf, None) </br>
<tt style="color: white;"><b>O</b></tt>&nbsp;<font style="font-size: 1.6em; line-height: 0.0em; ">|</font>   File "/home/pechatnov/.local/lib/python2.7/site-packages/fuse.py", line 1027, in fgetattr </br>
<tt style="color: white;"><b>O</b></tt>&nbsp;<font style="font-size: 1.6em; line-height: 0.0em; ">|</font>     attrs = self.operations('getattr', self._decode_optional_path(path), fh) </br>
<tt style="color: white;"><b>O</b></tt>&nbsp;<font style="font-size: 1.6em; line-height: 0.0em; ">|</font>   File "/home/pechatnov/.local/lib/python2.7/site-packages/fuse.py", line 1251, in __call__ </br>
<tt style="color: white;"><b>O</b></tt>&nbsp;<font style="font-size: 1.6em; line-height: 0.0em; ">|</font>     ret = getattr(self, op)(path, *args) </br>
<tt style="color: white;"><b>O</b></tt>&nbsp;<font style="font-size: 1.6em; line-height: 0.0em; ">|</font>   File "fuse_json.py", line 170, in getattr </br>
<tt style="color: white;"><b>O</b></tt>&nbsp;<font style="font-size: 1.6em; line-height: 0.0em; ">|</font>     raise FuseOSError(ENOENT) </br>
<tt style="color: white;"><b>O</b></tt>&nbsp;<font style="font-size: 1.6em; line-height: 0.0em; ">|</font> FuseOSError: [Errno 2] No such file or directory </br>
<tt style="color: white;"><b>O</b></tt>&nbsp;<font style="font-size: 1.6em; line-height: 0.0em; ">|</font> DEBUG:fuse.log-mixin:-> getattr / (None,) </br>
<tt style="color: white;"><b>O</b></tt>&nbsp;<font style="font-size: 1.6em; line-height: 0.0em; ">|</font> DEBUG:fuse.log-mixin:<- getattr {'st_ctime': 1587326242.084414, 'st_mtime': 1587326242.084414, 'st_atime': 1587326242.084414, 'st_nlink': 2, 'st_uid': 1000, 'st_mode': 16749, 'st_gid': 1000} </br>
<tt style="color: white;"><b>O</b></tt>&nbsp;<font style="font-size: 1.6em; line-height: 0.0em; ">|</font> DEBUG:fuse.log-mixin:-> getattr /.Trash (None,) </br>
<tt style="color: white;"><b>O</b></tt>&nbsp;<font style="font-size: 1.6em; line-height: 0.0em; ">|</font> DEBUG:fuse.log-mixin:<- getattr '[Errno 2] No such file or directory' </br>
<tt style="color: white;"><b>O</b></tt>&nbsp;<font style="font-size: 1.6em; line-height: 0.0em; ">|</font> DEBUG:fuse:FUSE operation getattr raised a <class 'fuse.FuseOSError'>, returning errno 2. </br>
<tt style="color: white;"><b>O</b></tt>&nbsp;<font style="font-size: 1.6em; line-height: 0.0em; ">|</font> Traceback (most recent call last): </br>
<tt style="color: white;"><b>O</b></tt>&nbsp;<font style="font-size: 1.6em; line-height: 0.0em; ">|</font>   File "/home/pechatnov/.local/lib/python2.7/site-packages/fuse.py", line 734, in _wrapper </br>
<tt style="color: white;"><b>O</b></tt>&nbsp;<font style="font-size: 1.6em; line-height: 0.0em; ">|</font>     return func(*args, **kwargs) or 0 </br>
<tt style="color: white;"><b>O</b></tt>&nbsp;<font style="font-size: 1.6em; line-height: 0.0em; ">|</font>   File "/home/pechatnov/.local/lib/python2.7/site-packages/fuse.py", line 774, in getattr </br>
<tt style="color: white;"><b>O</b></tt>&nbsp;<font style="font-size: 1.6em; line-height: 0.0em; ">|</font>     return self.fgetattr(path, buf, None) </br>
<tt style="color: white;"><b>O</b></tt>&nbsp;<font style="font-size: 1.6em; line-height: 0.0em; ">|</font>   File "/home/pechatnov/.local/lib/python2.7/site-packages/fuse.py", line 1027, in fgetattr </br>
<tt style="color: white;"><b>O</b></tt>&nbsp;<font style="font-size: 1.6em; line-height: 0.0em; ">|</font>     attrs = self.operations('getattr', self._decode_optional_path(path), fh) </br>
<tt style="color: white;"><b>O</b></tt>&nbsp;<font style="font-size: 1.6em; line-height: 0.0em; ">|</font>   File "/home/pechatnov/.local/lib/python2.7/site-packages/fuse.py", line 1251, in __call__ </br>
<tt style="color: white;"><b>O</b></tt>&nbsp;<font style="font-size: 1.6em; line-height: 0.0em; ">|</font>     ret = getattr(self, op)(path, *args) </br>
<tt style="color: white;"><b>O</b></tt>&nbsp;<font style="font-size: 1.6em; line-height: 0.0em; ">|</font>   File "fuse_json.py", line 170, in getattr </br>
<tt style="color: white;"><b>O</b></tt>&nbsp;<font style="font-size: 1.6em; line-height: 0.0em; ">|</font>     raise FuseOSError(ENOENT) </br>
<tt style="color: white;"><b>O</b></tt>&nbsp;<font style="font-size: 1.6em; line-height: 0.0em; ">|</font> FuseOSError: [Errno 2] No such file or directory </br>
<tt style="color: white;"><b>O</b></tt>&nbsp;<font style="font-size: 1.6em; line-height: 0.0em; ">|</font> DEBUG:fuse.log-mixin:-> getattr /.Trash-1000 (None,) </br>
<tt style="color: white;"><b>O</b></tt>&nbsp;<font style="font-size: 1.6em; line-height: 0.0em; ">|</font> DEBUG:fuse.log-mixin:<- getattr '[Errno 2] No such file or directory' </br>
<tt style="color: white;"><b>O</b></tt>&nbsp;<font style="font-size: 1.6em; line-height: 0.0em; ">|</font> DEBUG:fuse:FUSE operation getattr raised a <class 'fuse.FuseOSError'>, returning errno 2. </br>
<tt style="color: white;"><b>O</b></tt>&nbsp;<font style="font-size: 1.6em; line-height: 0.0em; ">|</font> Traceback (most recent call last): </br>
<tt style="color: white;"><b>O</b></tt>&nbsp;<font style="font-size: 1.6em; line-height: 0.0em; ">|</font>   File "/home/pechatnov/.local/lib/python2.7/site-packages/fuse.py", line 734, in _wrapper </br>
<tt style="color: white;"><b>O</b></tt>&nbsp;<font style="font-size: 1.6em; line-height: 0.0em; ">|</font>     return func(*args, **kwargs) or 0 </br>
<tt style="color: white;"><b>O</b></tt>&nbsp;<font style="font-size: 1.6em; line-height: 0.0em; ">|</font>   File "/home/pechatnov/.local/lib/python2.7/site-packages/fuse.py", line 774, in getattr </br>
<tt style="color: white;"><b>O</b></tt>&nbsp;<font style="font-size: 1.6em; line-height: 0.0em; ">|</font>     return self.fgetattr(path, buf, None) </br>
<tt style="color: white;"><b>O</b></tt>&nbsp;<font style="font-size: 1.6em; line-height: 0.0em; ">|</font>   File "/home/pechatnov/.local/lib/python2.7/site-packages/fuse.py", line 1027, in fgetattr </br>
<tt style="color: white;"><b>O</b></tt>&nbsp;<font style="font-size: 1.6em; line-height: 0.0em; ">|</font>     attrs = self.operations('getattr', self._decode_optional_path(path), fh) </br>
<tt style="color: white;"><b>O</b></tt>&nbsp;<font style="font-size: 1.6em; line-height: 0.0em; ">|</font>   File "/home/pechatnov/.local/lib/python2.7/site-packages/fuse.py", line 1251, in __call__ </br>
<tt style="color: white;"><b>O</b></tt>&nbsp;<font style="font-size: 1.6em; line-height: 0.0em; ">|</font>     ret = getattr(self, op)(path, *args) </br>
<tt style="color: white;"><b>O</b></tt>&nbsp;<font style="font-size: 1.6em; line-height: 0.0em; ">|</font>   File "fuse_json.py", line 170, in getattr </br>
<tt style="color: white;"><b>O</b></tt>&nbsp;<font style="font-size: 1.6em; line-height: 0.0em; ">|</font>     raise FuseOSError(ENOENT) </br>
<tt style="color: white;"><b>O</b></tt>&nbsp;<font style="font-size: 1.6em; line-height: 0.0em; ">|</font> FuseOSError: [Errno 2] No such file or directory </br>
<tt style="color: white;"><b>O</b></tt>&nbsp;<font style="font-size: 1.6em; line-height: 0.0em; ">|</font> DEBUG:fuse.log-mixin:-> readdir / (0L,) </br>
<tt style="color: white;"><b>O</b></tt>&nbsp;<font style="font-size: 1.6em; line-height: 0.0em; ">|</font> ERROR:root:ERR u'/' 0L </br>
<tt style="color: white;"><b>O</b></tt>&nbsp;<font style="font-size: 1.6em; line-height: 0.0em; ">|</font> DEBUG:fuse.log-mixin:<- readdir ['.', '..', 'headline 9', 'headline 2'] </br>
<tt style="color: white;"><b>O</b></tt>&nbsp;<font style="font-size: 1.6em; line-height: 0.0em; ">|</font> DEBUG:fuse.log-mixin:-> getattr /headline 9 (None,) </br>
<tt style="color: white;"><b>O</b></tt>&nbsp;<font style="font-size: 1.6em; line-height: 0.0em; ">|</font> DEBUG:fuse.log-mixin:<- getattr {'st_ctime': 1587326242.084414, 'st_mtime': 1587326242.084414, 'st_atime': 1587326242.084414, 'st_nlink': 2, 'st_uid': 1000, 'st_mode': 16749, 'st_gid': 1000} </br>
<tt style="color: white;"><b>O</b></tt>&nbsp;<font style="font-size: 1.6em; line-height: 0.0em; ">|</font> DEBUG:fuse.log-mixin:-> getattr /headline 2 (None,) </br>
<tt style="color: white;"><b>O</b></tt>&nbsp;<font style="font-size: 1.6em; line-height: 0.0em; ">|</font> DEBUG:fuse.log-mixin:<- getattr {'st_ctime': 1587326242.084414, 'st_mtime': 1587326242.084414, 'st_atime': 1587326242.084414, 'st_nlink': 2, 'st_uid': 1000, 'st_mode': 16749, 'st_gid': 1000} </br>
<tt style="color: white;"><b>O</b></tt>&nbsp;<font style="font-size: 1.6em; line-height: 0.0em; ">|</font> DEBUG:fuse.log-mixin:-> releasedir / (0L,) </br>
<tt style="color: white;"><b>O</b></tt>&nbsp;<font style="font-size: 1.6em; line-height: 0.0em; ">|</font> DEBUG:fuse.log-mixin:<- releasedir 0 </br>
<tt style="color: white;"><b>O</b></tt>&nbsp;<font style="font-size: 1.6em; line-height: 0.0em; ">|</font> DEBUG:fuse.log-mixin:-> opendir / () </br>
<tt style="color: white;"><b>O</b></tt>&nbsp;<font style="font-size: 1.6em; line-height: 0.0em; ">|</font> DEBUG:fuse.log-mixin:<- opendir 0 </br>
<tt style="color: white;"><b>O</b></tt>&nbsp;<font style="font-size: 1.6em; line-height: 0.0em; ">|</font> DEBUG:fuse.log-mixin:-> getattr / (None,) </br>
<tt style="color: white;"><b>O</b></tt>&nbsp;<font style="font-size: 1.6em; line-height: 0.0em; ">|</font> DEBUG:fuse.log-mixin:<- getattr {'st_ctime': 1587326242.084414, 'st_mtime': 1587326242.084414, 'st_atime': 1587326242.084414, 'st_nlink': 2, 'st_uid': 1000, 'st_mode': 16749, 'st_gid': 1000} </br>
<tt style="color: white;"><b>O</b></tt>&nbsp;<font style="font-size: 1.6em; line-height: 0.0em; ">|</font> DEBUG:fuse.log-mixin:-> readdir / (0L,) </br>
<tt style="color: white;"><b>O</b></tt>&nbsp;<font style="font-size: 1.6em; line-height: 0.0em; ">|</font> ERROR:root:ERR u'/' 0L </br>
<tt style="color: white;"><b>O</b></tt>&nbsp;<font style="font-size: 1.6em; line-height: 0.0em; ">|</font> DEBUG:fuse.log-mixin:<- readdir ['.', '..', 'headline 9', 'headline 2'] </br>
<tt style="color: white;"><b>O</b></tt>&nbsp;<font style="font-size: 1.6em; line-height: 0.0em; ">|</font> DEBUG:fuse.log-mixin:-> opendir / () </br>
<tt style="color: white;"><b>O</b></tt>&nbsp;<font style="font-size: 1.6em; line-height: 0.0em; ">|</font> DEBUG:fuse.log-mixin:<- opendir 0 </br>
<tt style="color: white;"><b>O</b></tt>&nbsp;<font style="font-size: 1.6em; line-height: 0.0em; ">|</font> DEBUG:fuse.log-mixin:-> releasedir / (0L,) </br>
<tt style="color: white;"><b>O</b></tt>&nbsp;<font style="font-size: 1.6em; line-height: 0.0em; ">|</font> DEBUG:fuse.log-mixin:<- releasedir 0 </br>
<tt style="color: white;"><b>O</b></tt>&nbsp;<font style="font-size: 1.6em; line-height: 0.0em; ">|</font> DEBUG:fuse.log-mixin:-> getattr / (None,) </br>
<tt style="color: white;"><b>O</b></tt>&nbsp;<font style="font-size: 1.6em; line-height: 0.0em; ">|</font> DEBUG:fuse.log-mixin:<- getattr {'st_ctime': 1587326242.084414, 'st_mtime': 1587326242.084414, 'st_atime': 1587326242.084414, 'st_nlink': 2, 'st_uid': 1000, 'st_mode': 16749, 'st_gid': 1000} </br>
<tt style="color: white;"><b>O</b></tt>&nbsp;<font style="font-size: 1.6em; line-height: 0.0em; ">|</font> DEBUG:fuse.log-mixin:-> readdir / (0L,) </br>
<tt style="color: white;"><b>O</b></tt>&nbsp;<font style="font-size: 1.6em; line-height: 0.0em; ">|</font> ERROR:root:ERR u'/' 0L </br>
<tt style="color: white;"><b>O</b></tt>&nbsp;<font style="font-size: 1.6em; line-height: 0.0em; ">|</font> DEBUG:fuse.log-mixin:<- readdir ['.', '..', 'headline 9', 'headline 2'] </br>
<tt style="color: white;"><b>O</b></tt>&nbsp;<font style="font-size: 1.6em; line-height: 0.0em; ">|</font> DEBUG:fuse.log-mixin:-> releasedir / (0L,) </br>
<tt style="color: white;"><b>O</b></tt>&nbsp;<font style="font-size: 1.6em; line-height: 0.0em; ">|</font> DEBUG:fuse.log-mixin:<- releasedir 0 </br>
<tt style="color: white;"><b>O</b></tt>&nbsp;<font style="font-size: 1.6em; line-height: 0.0em; ">|</font> DEBUG:fuse.log-mixin:-> opendir / () </br>
<tt style="color: white;"><b>O</b></tt>&nbsp;<font style="font-size: 1.6em; line-height: 0.0em; ">|</font> DEBUG:fuse.log-mixin:<- opendir 0 </br>
<tt style="color: white;"><b>O</b></tt>&nbsp;<font style="font-size: 1.6em; line-height: 0.0em; ">|</font> DEBUG:fuse.log-mixin:-> getattr / (None,) </br>
<tt style="color: white;"><b>O</b></tt>&nbsp;<font style="font-size: 1.6em; line-height: 0.0em; ">|</font> DEBUG:fuse.log-mixin:<- getattr {'st_ctime': 1587326242.084414, 'st_mtime': 1587326242.084414, 'st_atime': 1587326242.084414, 'st_nlink': 2, 'st_uid': 1000, 'st_mode': 16749, 'st_gid': 1000} </br>
<tt style="color: white;"><b>O</b></tt>&nbsp;<font style="font-size: 1.6em; line-height: 0.0em; ">|</font> DEBUG:fuse.log-mixin:-> readdir / (0L,) </br>
<tt style="color: white;"><b>O</b></tt>&nbsp;<font style="font-size: 1.6em; line-height: 0.0em; ">|</font> ERROR:root:ERR u'/' 0L </br>
<tt style="color: white;"><b>O</b></tt>&nbsp;<font style="font-size: 1.6em; line-height: 0.0em; ">|</font> DEBUG:fuse.log-mixin:<- readdir ['.', '..', 'headline 9', 'headline 2'] </br>
<tt style="color: white;"><b>O</b></tt>&nbsp;<font style="font-size: 1.6em; line-height: 0.0em; ">|</font> DEBUG:fuse.log-mixin:-> opendir / () </br>
<tt style="color: white;"><b>O</b></tt>&nbsp;<font style="font-size: 1.6em; line-height: 0.0em; ">|</font> DEBUG:fuse.log-mixin:<- opendir 0 </br>
<tt style="color: white;"><b>O</b></tt>&nbsp;<font style="font-size: 1.6em; line-height: 0.0em; ">|</font> DEBUG:fuse.log-mixin:-> releasedir / (0L,) </br>
<tt style="color: white;"><b>O</b></tt>&nbsp;<font style="font-size: 1.6em; line-height: 0.0em; ">|</font> DEBUG:fuse.log-mixin:<- releasedir 0 </br>
<tt style="color: white;"><b>O</b></tt>&nbsp;<font style="font-size: 1.6em; line-height: 0.0em; ">|</font> DEBUG:fuse.log-mixin:-> getattr / (None,) </br>
<tt style="color: white;"><b>O</b></tt>&nbsp;<font style="font-size: 1.6em; line-height: 0.0em; ">|</font> DEBUG:fuse.log-mixin:<- getattr {'st_ctime': 1587326242.084414, 'st_mtime': 1587326242.084414, 'st_atime': 1587326242.084414, 'st_nlink': 2, 'st_uid': 1000, 'st_mode': 16749, 'st_gid': 1000} </br>
<tt style="color: white;"><b>O</b></tt>&nbsp;<font style="font-size: 1.6em; line-height: 0.0em; ">|</font> DEBUG:fuse.log-mixin:-> readdir / (0L,) </br>
<tt style="color: white;"><b>O</b></tt>&nbsp;<font style="font-size: 1.6em; line-height: 0.0em; ">|</font> ERROR:root:ERR u'/' 0L </br>
<tt style="color: white;"><b>O</b></tt>&nbsp;<font style="font-size: 1.6em; line-height: 0.0em; ">|</font> DEBUG:fuse.log-mixin:<- readdir ['.', '..', 'headline 9', 'headline 2'] </br>
<tt style="color: white;"><b>O</b></tt>&nbsp;<font style="font-size: 1.6em; line-height: 0.0em; ">|</font> DEBUG:fuse.log-mixin:-> opendir / () </br>
<tt style="color: white;"><b>O</b></tt>&nbsp;<font style="font-size: 1.6em; line-height: 0.0em; ">|</font> DEBUG:fuse.log-mixin:<- opendir 0 </br>
<tt style="color: white;"><b>O</b></tt>&nbsp;<font style="font-size: 1.6em; line-height: 0.0em; ">|</font> DEBUG:fuse.log-mixin:-> releasedir / (0L,) </br>
<tt style="color: white;"><b>O</b></tt>&nbsp;<font style="font-size: 1.6em; line-height: 0.0em; ">|</font> DEBUG:fuse.log-mixin:<- releasedir 0 </br>
<tt style="color: white;"><b>O</b></tt>&nbsp;<font style="font-size: 1.6em; line-height: 0.0em; ">|</font> DEBUG:fuse.log-mixin:-> getattr / (None,) </br>
<tt style="color: white;"><b>O</b></tt>&nbsp;<font style="font-size: 1.6em; line-height: 0.0em; ">|</font> DEBUG:fuse.log-mixin:<- getattr {'st_ctime': 1587326242.084414, 'st_mtime': 1587326242.084414, 'st_atime': 1587326242.084414, 'st_nlink': 2, 'st_uid': 1000, 'st_mode': 16749, 'st_gid': 1000} </br>
<tt style="color: white;"><b>O</b></tt>&nbsp;<font style="font-size: 1.6em; line-height: 0.0em; ">|</font> DEBUG:fuse.log-mixin:-> readdir / (0L,) </br>
<tt style="color: white;"><b>O</b></tt>&nbsp;<font style="font-size: 1.6em; line-height: 0.0em; ">|</font> ERROR:root:ERR u'/' 0L </br>
<tt style="color: white;"><b>O</b></tt>&nbsp;<font style="font-size: 1.6em; line-height: 0.0em; ">|</font> DEBUG:fuse.log-mixin:<- readdir ['.', '..', 'headline 9', 'headline 2'] </br>
<tt style="color: white;"><b>O</b></tt>&nbsp;<font style="font-size: 1.6em; line-height: 0.0em; ">|</font> DEBUG:fuse.log-mixin:-> opendir / () </br>
<tt style="color: white;"><b>O</b></tt>&nbsp;<font style="font-size: 1.6em; line-height: 0.0em; ">|</font> DEBUG:fuse.log-mixin:-> releasedir / (0L,) </br>
<tt style="color: white;"><b>O</b></tt>&nbsp;<font style="font-size: 1.6em; line-height: 0.0em; ">|</font> DEBUG:fuse.log-mixin:<- releasedir 0 </br>
<tt style="color: white;"><b>O</b></tt>&nbsp;<font style="font-size: 1.6em; line-height: 0.0em; ">|</font> DEBUG:fuse.log-mixin:<- opendir 0 </br>
<tt style="color: white;"><b>O</b></tt>&nbsp;<font style="font-size: 1.6em; line-height: 0.0em; ">|</font> DEBUG:fuse.log-mixin:-> getattr / (None,) </br>
<tt style="color: white;"><b>O</b></tt>&nbsp;<font style="font-size: 1.6em; line-height: 0.0em; ">|</font> DEBUG:fuse.log-mixin:<- getattr {'st_ctime': 1587326242.084414, 'st_mtime': 1587326242.084414, 'st_atime': 1587326242.084414, 'st_nlink': 2, 'st_uid': 1000, 'st_mode': 16749, 'st_gid': 1000} </br>
<tt style="color: white;"><b>O</b></tt>&nbsp;<font style="font-size: 1.6em; line-height: 0.0em; ">|</font> DEBUG:fuse.log-mixin:-> readdir / (0L,) </br>
<tt style="color: white;"><b>O</b></tt>&nbsp;<font style="font-size: 1.6em; line-height: 0.0em; ">|</font> ERROR:root:ERR u'/' 0L </br>
<tt style="color: white;"><b>O</b></tt>&nbsp;<font style="font-size: 1.6em; line-height: 0.0em; ">|</font> DEBUG:fuse.log-mixin:<- readdir ['.', '..', 'headline 9', 'headline 2'] </br>
<tt style="color: white;"><b>O</b></tt>&nbsp;<font style="font-size: 1.6em; line-height: 0.0em; ">|</font> DEBUG:fuse.log-mixin:-> releasedir / (0L,) </br>
<tt style="color: white;"><b>O</b></tt>&nbsp;<font style="font-size: 1.6em; line-height: 0.0em; ">|</font> DEBUG:fuse.log-mixin:<- releasedir 0 </br>
<tt style="color: white;"><b>O</b></tt>&nbsp;<font style="font-size: 1.6em; line-height: 0.0em; ">|</font> DEBUG:fuse.log-mixin:-> opendir / () </br>
<tt style="color: white;"><b>O</b></tt>&nbsp;<font style="font-size: 1.6em; line-height: 0.0em; ">|</font> DEBUG:fuse.log-mixin:<- opendir 0 </br>
<tt style="color: white;"><b>O</b></tt>&nbsp;<font style="font-size: 1.6em; line-height: 0.0em; ">|</font> DEBUG:fuse.log-mixin:-> getattr / (None,) </br>
<tt style="color: white;"><b>O</b></tt>&nbsp;<font style="font-size: 1.6em; line-height: 0.0em; ">|</font> DEBUG:fuse.log-mixin:<- getattr {'st_ctime': 1587326242.084414, 'st_mtime': 1587326242.084414, 'st_atime': 1587326242.084414, 'st_nlink': 2, 'st_uid': 1000, 'st_mode': 16749, 'st_gid': 1000} </br>
<tt style="color: white;"><b>O</b></tt>&nbsp;<font style="font-size: 1.6em; line-height: 0.0em; ">|</font> DEBUG:fuse.log-mixin:-> readdir / (0L,) </br>
<tt style="color: white;"><b>O</b></tt>&nbsp;<font style="font-size: 1.6em; line-height: 0.0em; ">|</font> ERROR:root:ERR u'/' 0L </br>
<tt style="color: white;"><b>O</b></tt>&nbsp;<font style="font-size: 1.6em; line-height: 0.0em; ">|</font> DEBUG:fuse.log-mixin:<- readdir ['.', '..', 'headline 9', 'headline 2'] </br>
<tt style="color: white;"><b>O</b></tt>&nbsp;<font style="font-size: 1.6em; line-height: 0.0em; ">|</font> DEBUG:fuse.log-mixin:-> releasedir / (0L,) </br>
<tt style="color: white;"><b>O</b></tt>&nbsp;<font style="font-size: 1.6em; line-height: 0.0em; ">|</font> DEBUG:fuse.log-mixin:<- releasedir 0 </br>
<tt style="color: white;"><b>O</b></tt>&nbsp;<font style="font-size: 1.6em; line-height: 0.0em; ">|</font> DEBUG:fuse.log-mixin:-> opendir / () </br>
<tt style="color: white;"><b>O</b></tt>&nbsp;<font style="font-size: 1.6em; line-height: 0.0em; ">|</font> DEBUG:fuse.log-mixin:<- opendir 0 </br>
<tt style="color: white;"><b>O</b></tt>&nbsp;<font style="font-size: 1.6em; line-height: 0.0em; ">|</font> DEBUG:fuse.log-mixin:-> getattr / (None,) </br>
<tt style="color: white;"><b>O</b></tt>&nbsp;<font style="font-size: 1.6em; line-height: 0.0em; ">|</font> DEBUG:fuse.log-mixin:<- getattr {'st_ctime': 1587326242.084414, 'st_mtime': 1587326242.084414, 'st_atime': 1587326242.084414, 'st_nlink': 2, 'st_uid': 1000, 'st_mode': 16749, 'st_gid': 1000} </br>
<tt style="color: white;"><b>O</b></tt>&nbsp;<font style="font-size: 1.6em; line-height: 0.0em; ">|</font> DEBUG:fuse.log-mixin:-> readdir / (0L,) </br>
<tt style="color: white;"><b>O</b></tt>&nbsp;<font style="font-size: 1.6em; line-height: 0.0em; ">|</font> ERROR:root:ERR u'/' 0L </br>
<tt style="color: white;"><b>O</b></tt>&nbsp;<font style="font-size: 1.6em; line-height: 0.0em; ">|</font> DEBUG:fuse.log-mixin:<- readdir ['.', '..', 'headline 9', 'headline 2'] </br>
<tt style="color: white;"><b>O</b></tt>&nbsp;<font style="font-size: 1.6em; line-height: 0.0em; ">|</font> DEBUG:fuse.log-mixin:-> releasedir / (0L,) </br>
<tt style="color: white;"><b>O</b></tt>&nbsp;<font style="font-size: 1.6em; line-height: 0.0em; ">|</font> DEBUG:fuse.log-mixin:<- releasedir 0 </br>
<tt style="color: white;"><b>O</b></tt>&nbsp;<font style="font-size: 1.6em; line-height: 0.0em; ">|</font> DEBUG:fuse.log-mixin:-> opendir / () </br>
<tt style="color: white;"><b>O</b></tt>&nbsp;<font style="font-size: 1.6em; line-height: 0.0em; ">|</font> DEBUG:fuse.log-mixin:<- opendir 0 </br>
<tt style="color: white;"><b>O</b></tt>&nbsp;<font style="font-size: 1.6em; line-height: 0.0em; ">|</font> DEBUG:fuse.log-mixin:-> getattr / (None,) </br>
<tt style="color: white;"><b>O</b></tt>&nbsp;<font style="font-size: 1.6em; line-height: 0.0em; ">|</font> DEBUG:fuse.log-mixin:<- getattr {'st_ctime': 1587326242.084414, 'st_mtime': 1587326242.084414, 'st_atime': 1587326242.084414, 'st_nlink': 2, 'st_uid': 1000, 'st_mode': 16749, 'st_gid': 1000} </br>
<tt style="color: white;"><b>O</b></tt>&nbsp;<font style="font-size: 1.6em; line-height: 0.0em; ">|</font> DEBUG:fuse.log-mixin:-> readdir / (0L,) </br>
<tt style="color: white;"><b>O</b></tt>&nbsp;<font style="font-size: 1.6em; line-height: 0.0em; ">|</font> ERROR:root:ERR u'/' 0L </br>
<tt style="color: white;"><b>O</b></tt>&nbsp;<font style="font-size: 1.6em; line-height: 0.0em; ">|</font> DEBUG:fuse.log-mixin:<- readdir ['.', '..', 'headline 9', 'headline 2'] </br>
<tt style="color: white;"><b>O</b></tt>&nbsp;<font style="font-size: 1.6em; line-height: 0.0em; ">|</font> DEBUG:fuse.log-mixin:-> releasedir / (0L,) </br>
<tt style="color: white;"><b>O</b></tt>&nbsp;<font style="font-size: 1.6em; line-height: 0.0em; ">|</font> DEBUG:fuse.log-mixin:-> opendir / () </br>
<tt style="color: white;"><b>O</b></tt>&nbsp;<font style="font-size: 1.6em; line-height: 0.0em; ">|</font> DEBUG:fuse.log-mixin:<- releasedir 0 </br>
<tt style="color: white;"><b>O</b></tt>&nbsp;<font style="font-size: 1.6em; line-height: 0.0em; ">|</font> DEBUG:fuse.log-mixin:<- opendir 0 </br>
<tt style="color: white;"><b>O</b></tt>&nbsp;<font style="font-size: 1.6em; line-height: 0.0em; ">|</font> DEBUG:fuse.log-mixin:-> getattr / (None,) </br>
<tt style="color: white;"><b>O</b></tt>&nbsp;<font style="font-size: 1.6em; line-height: 0.0em; ">|</font> DEBUG:fuse.log-mixin:<- getattr {'st_ctime': 1587326242.084414, 'st_mtime': 1587326242.084414, 'st_atime': 1587326242.084414, 'st_nlink': 2, 'st_uid': 1000, 'st_mode': 16749, 'st_gid': 1000} </br>
<tt style="color: white;"><b>O</b></tt>&nbsp;<font style="font-size: 1.6em; line-height: 0.0em; ">|</font> DEBUG:fuse.log-mixin:-> readdir / (0L,) </br>
<tt style="color: white;"><b>O</b></tt>&nbsp;<font style="font-size: 1.6em; line-height: 0.0em; ">|</font> ERROR:root:ERR u'/' 0L </br>
<tt style="color: white;"><b>O</b></tt>&nbsp;<font style="font-size: 1.6em; line-height: 0.0em; ">|</font> DEBUG:fuse.log-mixin:<- readdir ['.', '..', 'headline 9', 'headline 2'] </br>
<tt style="color: white;"><b>O</b></tt>&nbsp;<font style="font-size: 1.6em; line-height: 0.0em; ">|</font> DEBUG:fuse.log-mixin:-> opendir / () </br>
<tt style="color: white;"><b>O</b></tt>&nbsp;<font style="font-size: 1.6em; line-height: 0.0em; ">|</font> DEBUG:fuse.log-mixin:<- opendir 0 </br>
<tt style="color: white;"><b>O</b></tt>&nbsp;<font style="font-size: 1.6em; line-height: 0.0em; ">|</font> DEBUG:fuse.log-mixin:-> releasedir / (0L,) </br>
<tt style="color: white;"><b>O</b></tt>&nbsp;<font style="font-size: 1.6em; line-height: 0.0em; ">|</font> DEBUG:fuse.log-mixin:<- releasedir 0 </br>
<tt style="color: white;"><b>O</b></tt>&nbsp;<font style="font-size: 1.6em; line-height: 0.0em; ">|</font> DEBUG:fuse.log-mixin:-> getattr / (None,) </br>
<tt style="color: white;"><b>O</b></tt>&nbsp;<font style="font-size: 1.6em; line-height: 0.0em; ">|</font> DEBUG:fuse.log-mixin:<- getattr {'st_ctime': 1587326242.084414, 'st_mtime': 1587326242.084414, 'st_atime': 1587326242.084414, 'st_nlink': 2, 'st_uid': 1000, 'st_mode': 16749, 'st_gid': 1000} </br>
<tt style="color: white;"><b>O</b></tt>&nbsp;<font style="font-size: 1.6em; line-height: 0.0em; ">|</font> DEBUG:fuse.log-mixin:-> readdir / (0L,) </br>
<tt style="color: white;"><b>O</b></tt>&nbsp;<font style="font-size: 1.6em; line-height: 0.0em; ">|</font> ERROR:root:ERR u'/' 0L </br>
<tt style="color: white;"><b>O</b></tt>&nbsp;<font style="font-size: 1.6em; line-height: 0.0em; ">|</font> DEBUG:fuse.log-mixin:<- readdir ['.', '..', 'headline 9', 'headline 2'] </br>
<tt style="color: white;"><b>O</b></tt>&nbsp;<font style="font-size: 1.6em; line-height: 0.0em; ">|</font> DEBUG:fuse.log-mixin:-> releasedir / (0L,) </br>
<tt style="color: white;"><b>O</b></tt>&nbsp;<font style="font-size: 1.6em; line-height: 0.0em; ">|</font> DEBUG:fuse.log-mixin:-> opendir / () </br>
<tt style="color: white;"><b>O</b></tt>&nbsp;<font style="font-size: 1.6em; line-height: 0.0em; ">|</font> DEBUG:fuse.log-mixin:<- opendir 0 </br>
<tt style="color: white;"><b>O</b></tt>&nbsp;<font style="font-size: 1.6em; line-height: 0.0em; ">|</font> DEBUG:fuse.log-mixin:<- releasedir 0 </br>
<tt style="color: white;"><b>O</b></tt>&nbsp;<font style="font-size: 1.6em; line-height: 0.0em; ">|</font> DEBUG:fuse.log-mixin:-> getattr / (None,) </br>
<tt style="color: white;"><b>O</b></tt>&nbsp;<font style="font-size: 1.6em; line-height: 0.0em; ">|</font> DEBUG:fuse.log-mixin:<- getattr {'st_ctime': 1587326242.084414, 'st_mtime': 1587326242.084414, 'st_atime': 1587326242.084414, 'st_nlink': 2, 'st_uid': 1000, 'st_mode': 16749, 'st_gid': 1000} </br>
<tt style="color: white;"><b>O</b></tt>&nbsp;<font style="font-size: 1.6em; line-height: 0.0em; ">|</font> DEBUG:fuse.log-mixin:-> readdir / (0L,) </br>
<tt style="color: white;"><b>O</b></tt>&nbsp;<font style="font-size: 1.6em; line-height: 0.0em; ">|</font> ERROR:root:ERR u'/' 0L </br>
<tt style="color: white;"><b>O</b></tt>&nbsp;<font style="font-size: 1.6em; line-height: 0.0em; ">|</font> DEBUG:fuse.log-mixin:<- readdir ['.', '..', 'headline 9', 'headline 2'] </br>
<tt style="color: white;"><b>O</b></tt>&nbsp;<font style="font-size: 1.6em; line-height: 0.0em; ">|</font> DEBUG:fuse.log-mixin:-> opendir / () </br>
<tt style="color: white;"><b>O</b></tt>&nbsp;<font style="font-size: 1.6em; line-height: 0.0em; ">|</font> DEBUG:fuse.log-mixin:<- opendir 0 </br>
<tt style="color: white;"><b>O</b></tt>&nbsp;<font style="font-size: 1.6em; line-height: 0.0em; ">|</font> DEBUG:fuse.log-mixin:-> releasedir / (0L,) </br>
<tt style="color: white;"><b>O</b></tt>&nbsp;<font style="font-size: 1.6em; line-height: 0.0em; ">|</font> DEBUG:fuse.log-mixin:<- releasedir 0 </br>
<tt style="color: white;"><b>O</b></tt>&nbsp;<font style="font-size: 1.6em; line-height: 0.0em; ">|</font> DEBUG:fuse.log-mixin:-> getattr / (None,) </br>
<tt style="color: white;"><b>O</b></tt>&nbsp;<font style="font-size: 1.6em; line-height: 0.0em; ">|</font> DEBUG:fuse.log-mixin:<- getattr {'st_ctime': 1587326242.084414, 'st_mtime': 1587326242.084414, 'st_atime': 1587326242.084414, 'st_nlink': 2, 'st_uid': 1000, 'st_mode': 16749, 'st_gid': 1000} </br>
<tt style="color: white;"><b>O</b></tt>&nbsp;<font style="font-size: 1.6em; line-height: 0.0em; ">|</font> DEBUG:fuse.log-mixin:-> readdir / (0L,) </br>
<tt style="color: white;"><b>O</b></tt>&nbsp;<font style="font-size: 1.6em; line-height: 0.0em; ">|</font> ERROR:root:ERR u'/' 0L </br>
<tt style="color: white;"><b>O</b></tt>&nbsp;<font style="font-size: 1.6em; line-height: 0.0em; ">|</font> DEBUG:fuse.log-mixin:<- readdir ['.', '..', 'headline 9', 'headline 2'] </br>
<tt style="color: white;"><b>O</b></tt>&nbsp;<font style="font-size: 1.6em; line-height: 0.0em; ">|</font> DEBUG:fuse.log-mixin:-> releasedir / (0L,) </br>
<tt style="color: white;"><b>O</b></tt>&nbsp;<font style="font-size: 1.6em; line-height: 0.0em; ">|</font> DEBUG:fuse.log-mixin:<- releasedir 0 </br>
<tt style="color: white;"><b>O</b></tt>&nbsp;<font style="font-size: 1.6em; line-height: 0.0em; ">|</font> DEBUG:fuse.log-mixin:-> opendir / () </br>
<tt style="color: white;"><b>O</b></tt>&nbsp;<font style="font-size: 1.6em; line-height: 0.0em; ">|</font> DEBUG:fuse.log-mixin:<- opendir 0 </br>
<tt style="color: white;"><b>O</b></tt>&nbsp;<font style="font-size: 1.6em; line-height: 0.0em; ">|</font> DEBUG:fuse.log-mixin:-> getattr / (None,) </br>
<tt style="color: white;"><b>O</b></tt>&nbsp;<font style="font-size: 1.6em; line-height: 0.0em; ">|</font> DEBUG:fuse.log-mixin:<- getattr {'st_ctime': 1587326242.084414, 'st_mtime': 1587326242.084414, 'st_atime': 1587326242.084414, 'st_nlink': 2, 'st_uid': 1000, 'st_mode': 16749, 'st_gid': 1000} </br>
<tt style="color: white;"><b>O</b></tt>&nbsp;<font style="font-size: 1.6em; line-height: 0.0em; ">|</font> DEBUG:fuse.log-mixin:-> readdir / (0L,) </br>
<tt style="color: white;"><b>O</b></tt>&nbsp;<font style="font-size: 1.6em; line-height: 0.0em; ">|</font> ERROR:root:ERR u'/' 0L </br>
<tt style="color: white;"><b>O</b></tt>&nbsp;<font style="font-size: 1.6em; line-height: 0.0em; ">|</font> DEBUG:fuse.log-mixin:<- readdir ['.', '..', 'headline 9', 'headline 2'] </br>
<tt style="color: white;"><b>O</b></tt>&nbsp;<font style="font-size: 1.6em; line-height: 0.0em; ">|</font> DEBUG:fuse.log-mixin:-> releasedir / (0L,) </br>
<tt style="color: white;"><b>O</b></tt>&nbsp;<font style="font-size: 1.6em; line-height: 0.0em; ">|</font> DEBUG:fuse.log-mixin:<- releasedir 0 </br>
<tt style="color: white;"><b>O</b></tt>&nbsp;<font style="font-size: 1.6em; line-height: 0.0em; ">|</font> DEBUG:fuse.log-mixin:-> opendir / () </br>
<tt style="color: white;"><b>O</b></tt>&nbsp;<font style="font-size: 1.6em; line-height: 0.0em; ">|</font> DEBUG:fuse.log-mixin:<- opendir 0 </br>
<tt style="color: white;"><b>O</b></tt>&nbsp;<font style="font-size: 1.6em; line-height: 0.0em; ">|</font> DEBUG:fuse.log-mixin:-> getattr / (None,) </br>
<tt style="color: white;"><b>O</b></tt>&nbsp;<font style="font-size: 1.6em; line-height: 0.0em; ">|</font> DEBUG:fuse.log-mixin:<- getattr {'st_ctime': 1587326242.084414, 'st_mtime': 1587326242.084414, 'st_atime': 1587326242.084414, 'st_nlink': 2, 'st_uid': 1000, 'st_mode': 16749, 'st_gid': 1000} </br>
<tt style="color: white;"><b>O</b></tt>&nbsp;<font style="font-size: 1.6em; line-height: 0.0em; ">|</font> DEBUG:fuse.log-mixin:-> readdir / (0L,) </br>
<tt style="color: white;"><b>O</b></tt>&nbsp;<font style="font-size: 1.6em; line-height: 0.0em; ">|</font> ERROR:root:ERR u'/' 0L </br>
<tt style="color: white;"><b>O</b></tt>&nbsp;<font style="font-size: 1.6em; line-height: 0.0em; ">|</font> DEBUG:fuse.log-mixin:<- readdir ['.', '..', 'headline 9', 'headline 2'] </br>
<tt style="color: white;"><b>O</b></tt>&nbsp;<font style="font-size: 1.6em; line-height: 0.0em; ">|</font> DEBUG:fuse.log-mixin:-> releasedir / (0L,) </br>
<tt style="color: white;"><b>O</b></tt>&nbsp;<font style="font-size: 1.6em; line-height: 0.0em; ">|</font> DEBUG:fuse.log-mixin:<- releasedir 0 </br>
<tt style="color: white;"><b>O</b></tt>&nbsp;<font style="font-size: 1.6em; line-height: 0.0em; ">|</font> DEBUG:fuse.log-mixin:-> opendir / () </br>
<tt style="color: white;"><b>O</b></tt>&nbsp;<font style="font-size: 1.6em; line-height: 0.0em; ">|</font> DEBUG:fuse.log-mixin:<- opendir 0 </br>
<tt style="color: white;"><b>O</b></tt>&nbsp;<font style="font-size: 1.6em; line-height: 0.0em; ">|</font> DEBUG:fuse.log-mixin:-> getattr / (None,) </br>
<tt style="color: white;"><b>O</b></tt>&nbsp;<font style="font-size: 1.6em; line-height: 0.0em; ">|</font> DEBUG:fuse.log-mixin:<- getattr {'st_ctime': 1587326242.084414, 'st_mtime': 1587326242.084414, 'st_atime': 1587326242.084414, 'st_nlink': 2, 'st_uid': 1000, 'st_mode': 16749, 'st_gid': 1000} </br>
<tt style="color: white;"><b>O</b></tt>&nbsp;<font style="font-size: 1.6em; line-height: 0.0em; ">|</font> DEBUG:fuse.log-mixin:-> readdir / (0L,) </br>
<tt style="color: white;"><b>O</b></tt>&nbsp;<font style="font-size: 1.6em; line-height: 0.0em; ">|</font> ERROR:root:ERR u'/' 0L </br>
<tt style="color: white;"><b>O</b></tt>&nbsp;<font style="font-size: 1.6em; line-height: 0.0em; ">|</font> DEBUG:fuse.log-mixin:<- readdir ['.', '..', 'headline 9', 'headline 2'] </br>
<tt style="color: white;"><b>O</b></tt>&nbsp;<font style="font-size: 1.6em; line-height: 0.0em; ">|</font> DEBUG:fuse.log-mixin:-> opendir / () </br>
<tt style="color: white;"><b>O</b></tt>&nbsp;<font style="font-size: 1.6em; line-height: 0.0em; ">|</font> DEBUG:fuse.log-mixin:<- opendir 0 </br>
<tt style="color: white;"><b>O</b></tt>&nbsp;<font style="font-size: 1.6em; line-height: 0.0em; ">|</font> DEBUG:fuse.log-mixin:-> releasedir / (0L,) </br>
<tt style="color: white;"><b>O</b></tt>&nbsp;<font style="font-size: 1.6em; line-height: 0.0em; ">|</font> DEBUG:fuse.log-mixin:-> getattr / (None,) </br>
<tt style="color: white;"><b>O</b></tt>&nbsp;<font style="font-size: 1.6em; line-height: 0.0em; ">|</font> DEBUG:fuse.log-mixin:<- releasedir 0 </br>
<tt style="color: white;"><b>O</b></tt>&nbsp;<font style="font-size: 1.6em; line-height: 0.0em; ">|</font> DEBUG:fuse.log-mixin:<- getattr {'st_ctime': 1587326242.084414, 'st_mtime': 1587326242.084414, 'st_atime': 1587326242.084414, 'st_nlink': 2, 'st_uid': 1000, 'st_mode': 16749, 'st_gid': 1000} </br>
<tt style="color: white;"><b>O</b></tt>&nbsp;<font style="font-size: 1.6em; line-height: 0.0em; ">|</font> DEBUG:fuse.log-mixin:-> readdir / (0L,) </br>
<tt style="color: white;"><b>O</b></tt>&nbsp;<font style="font-size: 1.6em; line-height: 0.0em; ">|</font> ERROR:root:ERR u'/' 0L </br>
<tt style="color: white;"><b>O</b></tt>&nbsp;<font style="font-size: 1.6em; line-height: 0.0em; ">|</font> DEBUG:fuse.log-mixin:<- readdir ['.', '..', 'headline 9', 'headline 2'] </br>
<tt style="color: white;"><b>O</b></tt>&nbsp;<font style="font-size: 1.6em; line-height: 0.0em; ">|</font> DEBUG:fuse.log-mixin:-> releasedir / (0L,) </br>
<tt style="color: white;"><b>O</b></tt>&nbsp;<font style="font-size: 1.6em; line-height: 0.0em; ">|</font> DEBUG:fuse.log-mixin:-> opendir / () </br>
<tt style="color: white;"><b>O</b></tt>&nbsp;<font style="font-size: 1.6em; line-height: 0.0em; ">|</font> DEBUG:fuse.log-mixin:<- opendir 0 </br>
<tt style="color: white;"><b>O</b></tt>&nbsp;<font style="font-size: 1.6em; line-height: 0.0em; ">|</font> DEBUG:fuse.log-mixin:<- releasedir 0 </br>
<tt style="color: white;"><b>O</b></tt>&nbsp;<font style="font-size: 1.6em; line-height: 0.0em; ">|</font> DEBUG:fuse.log-mixin:-> getattr / (None,) </br>
<tt style="color: white;"><b>O</b></tt>&nbsp;<font style="font-size: 1.6em; line-height: 0.0em; ">|</font> DEBUG:fuse.log-mixin:<- getattr {'st_ctime': 1587326242.084414, 'st_mtime': 1587326242.084414, 'st_atime': 1587326242.084414, 'st_nlink': 2, 'st_uid': 1000, 'st_mode': 16749, 'st_gid': 1000} </br>
<tt style="color: white;"><b>O</b></tt>&nbsp;<font style="font-size: 1.6em; line-height: 0.0em; ">|</font> DEBUG:fuse.log-mixin:-> readdir / (0L,) </br>
<tt style="color: white;"><b>O</b></tt>&nbsp;<font style="font-size: 1.6em; line-height: 0.0em; ">|</font> ERROR:root:ERR u'/' 0L </br>
<tt style="color: white;"><b>O</b></tt>&nbsp;<font style="font-size: 1.6em; line-height: 0.0em; ">|</font> DEBUG:fuse.log-mixin:<- readdir ['.', '..', 'headline 9', 'headline 2'] </br>
<tt style="color: white;"><b>O</b></tt>&nbsp;<font style="font-size: 1.6em; line-height: 0.0em; ">|</font> DEBUG:fuse.log-mixin:-> opendir / () </br>
<tt style="color: white;"><b>O</b></tt>&nbsp;<font style="font-size: 1.6em; line-height: 0.0em; ">|</font> DEBUG:fuse.log-mixin:-> releasedir / (0L,) </br>
<tt style="color: white;"><b>O</b></tt>&nbsp;<font style="font-size: 1.6em; line-height: 0.0em; ">|</font> DEBUG:fuse.log-mixin:<- releasedir 0 </br>
<tt style="color: white;"><b>O</b></tt>&nbsp;<font style="font-size: 1.6em; line-height: 0.0em; ">|</font> DEBUG:fuse.log-mixin:<- opendir 0 </br>
<tt style="color: white;"><b>O</b></tt>&nbsp;<font style="font-size: 1.6em; line-height: 0.0em; ">|</font> DEBUG:fuse.log-mixin:-> getattr / (None,) </br>
<tt style="color: white;"><b>O</b></tt>&nbsp;<font style="font-size: 1.6em; line-height: 0.0em; ">|</font> DEBUG:fuse.log-mixin:<- getattr {'st_ctime': 1587326242.084414, 'st_mtime': 1587326242.084414, 'st_atime': 1587326242.084414, 'st_nlink': 2, 'st_uid': 1000, 'st_mode': 16749, 'st_gid': 1000} </br>
<tt style="color: white;"><b>O</b></tt>&nbsp;<font style="font-size: 1.6em; line-height: 0.0em; ">|</font> DEBUG:fuse.log-mixin:-> readdir / (0L,) </br>
<tt style="color: white;"><b>O</b></tt>&nbsp;<font style="font-size: 1.6em; line-height: 0.0em; ">|</font> ERROR:root:ERR u'/' 0L </br>
<tt style="color: white;"><b>O</b></tt>&nbsp;<font style="font-size: 1.6em; line-height: 0.0em; ">|</font> DEBUG:fuse.log-mixin:<- readdir ['.', '..', 'headline 9', 'headline 2'] </br>
<tt style="color: white;"><b>O</b></tt>&nbsp;<font style="font-size: 1.6em; line-height: 0.0em; ">|</font> DEBUG:fuse.log-mixin:-> releasedir / (0L,) </br>
<tt style="color: white;"><b>O</b></tt>&nbsp;<font style="font-size: 1.6em; line-height: 0.0em; ">|</font> DEBUG:fuse.log-mixin:<- releasedir 0 </br>
<tt style="color: white;"><b>O</b></tt>&nbsp;<font style="font-size: 1.6em; line-height: 0.0em; ">|</font> DEBUG:fuse.log-mixin:-> opendir / () </br>
<tt style="color: white;"><b>O</b></tt>&nbsp;<font style="font-size: 1.6em; line-height: 0.0em; ">|</font> DEBUG:fuse.log-mixin:<- opendir 0 </br>
<tt style="color: white;"><b>O</b></tt>&nbsp;<font style="font-size: 1.6em; line-height: 0.0em; ">|</font> DEBUG:fuse.log-mixin:-> getattr / (None,) </br>
<tt style="color: white;"><b>O</b></tt>&nbsp;<font style="font-size: 1.6em; line-height: 0.0em; ">|</font> DEBUG:fuse.log-mixin:<- getattr {'st_ctime': 1587326242.084414, 'st_mtime': 1587326242.084414, 'st_atime': 1587326242.084414, 'st_nlink': 2, 'st_uid': 1000, 'st_mode': 16749, 'st_gid': 1000} </br>
<tt style="color: white;"><b>O</b></tt>&nbsp;<font style="font-size: 1.6em; line-height: 0.0em; ">|</font> DEBUG:fuse.log-mixin:-> readdir / (0L,) </br>
<tt style="color: white;"><b>O</b></tt>&nbsp;<font style="font-size: 1.6em; line-height: 0.0em; ">|</font> ERROR:root:ERR u'/' 0L </br>
<tt style="color: white;"><b>O</b></tt>&nbsp;<font style="font-size: 1.6em; line-height: 0.0em; ">|</font> DEBUG:fuse.log-mixin:<- readdir ['.', '..', 'headline 9', 'headline 2'] </br>
<tt style="color: white;"><b>O</b></tt>&nbsp;<font style="font-size: 1.6em; line-height: 0.0em; ">|</font> DEBUG:fuse.log-mixin:-> releasedir / (0L,) </br>
<tt style="color: white;"><b>O</b></tt>&nbsp;<font style="font-size: 1.6em; line-height: 0.0em; ">|</font> DEBUG:fuse.log-mixin:<- releasedir 0 </br>
<tt style="color: white;"><b>O</b></tt>&nbsp;<font style="font-size: 1.6em; line-height: 0.0em; ">|</font> DEBUG:fuse.log-mixin:-> opendir / () </br>
<tt style="color: white;"><b>O</b></tt>&nbsp;<font style="font-size: 1.6em; line-height: 0.0em; ">|</font> DEBUG:fuse.log-mixin:<- opendir 0 </br>
<tt style="color: white;"><b>O</b></tt>&nbsp;<font style="font-size: 1.6em; line-height: 0.0em; ">|</font> DEBUG:fuse.log-mixin:-> getattr / (None,) </br>
<tt style="color: white;"><b>O</b></tt>&nbsp;<font style="font-size: 1.6em; line-height: 0.0em; ">|</font> DEBUG:fuse.log-mixin:<- getattr {'st_ctime': 1587326242.084414, 'st_mtime': 1587326242.084414, 'st_atime': 1587326242.084414, 'st_nlink': 2, 'st_uid': 1000, 'st_mode': 16749, 'st_gid': 1000} </br>
<tt style="color: white;"><b>O</b></tt>&nbsp;<font style="font-size: 1.6em; line-height: 0.0em; ">|</font> DEBUG:fuse.log-mixin:-> readdir / (0L,) </br>
<tt style="color: white;"><b>O</b></tt>&nbsp;<font style="font-size: 1.6em; line-height: 0.0em; ">|</font> ERROR:root:ERR u'/' 0L </br>
<tt style="color: white;"><b>O</b></tt>&nbsp;<font style="font-size: 1.6em; line-height: 0.0em; ">|</font> DEBUG:fuse.log-mixin:<- readdir ['.', '..', 'headline 9', 'headline 2'] </br>
<tt style="color: white;"><b>O</b></tt>&nbsp;<font style="font-size: 1.6em; line-height: 0.0em; ">|</font> DEBUG:fuse.log-mixin:-> releasedir / (0L,) </br>
<tt style="color: white;"><b>O</b></tt>&nbsp;<font style="font-size: 1.6em; line-height: 0.0em; ">|</font> DEBUG:fuse.log-mixin:<- releasedir 0 </br>
<tt style="color: white;"><b>O</b></tt>&nbsp;<font style="font-size: 1.6em; line-height: 0.0em; ">|</font> DEBUG:fuse.log-mixin:-> opendir / () </br>
<tt style="color: white;"><b>O</b></tt>&nbsp;<font style="font-size: 1.6em; line-height: 0.0em; ">|</font> DEBUG:fuse.log-mixin:<- opendir 0 </br>
<tt style="color: white;"><b>O</b></tt>&nbsp;<font style="font-size: 1.6em; line-height: 0.0em; ">|</font> DEBUG:fuse.log-mixin:-> getattr / (None,) </br>
<tt style="color: white;"><b>O</b></tt>&nbsp;<font style="font-size: 1.6em; line-height: 0.0em; ">|</font> DEBUG:fuse.log-mixin:<- getattr {'st_ctime': 1587326242.084414, 'st_mtime': 1587326242.084414, 'st_atime': 1587326242.084414, 'st_nlink': 2, 'st_uid': 1000, 'st_mode': 16749, 'st_gid': 1000} </br>
<tt style="color: white;"><b>O</b></tt>&nbsp;<font style="font-size: 1.6em; line-height: 0.0em; ">|</font> DEBUG:fuse.log-mixin:-> readdir / (0L,) </br>
<tt style="color: white;"><b>O</b></tt>&nbsp;<font style="font-size: 1.6em; line-height: 0.0em; ">|</font> ERROR:root:ERR u'/' 0L </br>
<tt style="color: white;"><b>O</b></tt>&nbsp;<font style="font-size: 1.6em; line-height: 0.0em; ">|</font> DEBUG:fuse.log-mixin:<- readdir ['.', '..', 'headline 9', 'headline 2'] </br>
<tt style="color: white;"><b>O</b></tt>&nbsp;<font style="font-size: 1.6em; line-height: 0.0em; ">|</font> DEBUG:fuse.log-mixin:-> getattr /autorun.inf (None,) </br>
<tt style="color: white;"><b>O</b></tt>&nbsp;<font style="font-size: 1.6em; line-height: 0.0em; ">|</font> DEBUG:fuse.log-mixin:<- getattr '[Errno 2] No such file or directory' </br>
<tt style="color: white;"><b>O</b></tt>&nbsp;<font style="font-size: 1.6em; line-height: 0.0em; ">|</font> DEBUG:fuse:FUSE operation getattr raised a <class 'fuse.FuseOSError'>, returning errno 2. </br>
<tt style="color: white;"><b>O</b></tt>&nbsp;<font style="font-size: 1.6em; line-height: 0.0em; ">|</font> Traceback (most recent call last): </br>
<tt style="color: white;"><b>O</b></tt>&nbsp;<font style="font-size: 1.6em; line-height: 0.0em; ">|</font>   File "/home/pechatnov/.local/lib/python2.7/site-packages/fuse.py", line 734, in _wrapper </br>
<tt style="color: white;"><b>O</b></tt>&nbsp;<font style="font-size: 1.6em; line-height: 0.0em; ">|</font>     return func(*args, **kwargs) or 0 </br>
<tt style="color: white;"><b>O</b></tt>&nbsp;<font style="font-size: 1.6em; line-height: 0.0em; ">|</font>   File "/home/pechatnov/.local/lib/python2.7/site-packages/fuse.py", line 774, in getattr </br>
<tt style="color: white;"><b>O</b></tt>&nbsp;<font style="font-size: 1.6em; line-height: 0.0em; ">|</font>     return self.fgetattr(path, buf, None) </br>
<tt style="color: white;"><b>O</b></tt>&nbsp;<font style="font-size: 1.6em; line-height: 0.0em; ">|</font>   File "/home/pechatnov/.local/lib/python2.7/site-packages/fuse.py", line 1027, in fgetattr </br>
<tt style="color: white;"><b>O</b></tt>&nbsp;<font style="font-size: 1.6em; line-height: 0.0em; ">|</font>     attrs = self.operations('getattr', self._decode_optional_path(path), fh) </br>
<tt style="color: white;"><b>O</b></tt>&nbsp;<font style="font-size: 1.6em; line-height: 0.0em; ">|</font>   File "/home/pechatnov/.local/lib/python2.7/site-packages/fuse.py", line 1251, in __call__ </br>
<tt style="color: white;"><b>O</b></tt>&nbsp;<font style="font-size: 1.6em; line-height: 0.0em; ">|</font>     ret = getattr(self, op)(path, *args) </br>
<tt style="color: white;"><b>O</b></tt>&nbsp;<font style="font-size: 1.6em; line-height: 0.0em; ">|</font>   File "fuse_json.py", line 170, in getattr </br>
<tt style="color: white;"><b>O</b></tt>&nbsp;<font style="font-size: 1.6em; line-height: 0.0em; ">|</font>     raise FuseOSError(ENOENT) </br>
<tt style="color: white;"><b>O</b></tt>&nbsp;<font style="font-size: 1.6em; line-height: 0.0em; ">|</font> FuseOSError: [Errno 2] No such file or directory </br>
<tt style="color: white;"><b>O</b></tt>&nbsp;<font style="font-size: 1.6em; line-height: 0.0em; ">|</font> DEBUG:fuse.log-mixin:-> releasedir / (0L,) </br>
<tt style="color: white;"><b>O</b></tt>&nbsp;<font style="font-size: 1.6em; line-height: 0.0em; ">|</font> DEBUG:fuse.log-mixin:<- releasedir 0 </br>
<tt style="color: white;"><b>O</b></tt>&nbsp;<font style="font-size: 1.6em; line-height: 0.0em; ">|</font> DEBUG:fuse.log-mixin:-> getattr / (None,) </br>
<tt style="color: white;"><b>O</b></tt>&nbsp;<font style="font-size: 1.6em; line-height: 0.0em; ">|</font> DEBUG:fuse.log-mixin:<- getattr {'st_ctime': 1587326242.084414, 'st_mtime': 1587326242.084414, 'st_atime': 1587326242.084414, 'st_nlink': 2, 'st_uid': 1000, 'st_mode': 16749, 'st_gid': 1000} </br>
<tt style="color: white;"><b>O</b></tt>&nbsp;<font style="font-size: 1.6em; line-height: 0.0em; ">|</font> DEBUG:fuse.log-mixin:-> opendir / () </br>
<tt style="color: white;"><b>O</b></tt>&nbsp;<font style="font-size: 1.6em; line-height: 0.0em; ">|</font> DEBUG:fuse.log-mixin:<- opendir 0 </br>
<tt style="color: white;"><b>O</b></tt>&nbsp;<font style="font-size: 1.6em; line-height: 0.0em; ">|</font> DEBUG:fuse.log-mixin:-> readdir / (0L,) </br>
<tt style="color: white;"><b>O</b></tt>&nbsp;<font style="font-size: 1.6em; line-height: 0.0em; ">|</font> ERROR:root:ERR u'/' 0L </br>
<tt style="color: white;"><b>O</b></tt>&nbsp;<font style="font-size: 1.6em; line-height: 0.0em; ">|</font> DEBUG:fuse.log-mixin:<- readdir ['.', '..', 'headline 9', 'headline 2'] </br>
<tt style="color: white;"><b>O</b></tt>&nbsp;<font style="font-size: 1.6em; line-height: 0.0em; ">|</font> DEBUG:fuse.log-mixin:-> getattr /headline 9 (None,) </br>
<tt style="color: white;"><b>O</b></tt>&nbsp;<font style="font-size: 1.6em; line-height: 0.0em; ">|</font> DEBUG:fuse.log-mixin:<- getattr {'st_ctime': 1587326242.084414, 'st_mtime': 1587326242.084414, 'st_atime': 1587326242.084414, 'st_nlink': 2, 'st_uid': 1000, 'st_mode': 16749, 'st_gid': 1000} </br>
<tt style="color: white;"><b>O</b></tt>&nbsp;<font style="font-size: 1.6em; line-height: 0.0em; ">|</font> DEBUG:fuse.log-mixin:-> getattr /headline 2 (None,) </br>
<tt style="color: white;"><b>O</b></tt>&nbsp;<font style="font-size: 1.6em; line-height: 0.0em; ">|</font> DEBUG:fuse.log-mixin:<- getattr {'st_ctime': 1587326242.084414, 'st_mtime': 1587326242.084414, 'st_atime': 1587326242.084414, 'st_nlink': 2, 'st_uid': 1000, 'st_mode': 16749, 'st_gid': 1000} </br>
<tt style="color: white;"><b>O</b></tt>&nbsp;<font style="font-size: 1.6em; line-height: 0.0em; ">|</font> DEBUG:fuse.log-mixin:-> releasedir / (0L,) </br>
<tt style="color: white;"><b>O</b></tt>&nbsp;<font style="font-size: 1.6em; line-height: 0.0em; ">|</font> DEBUG:fuse.log-mixin:<- releasedir 0 </br>
<tt style="color: white;"><b>O</b></tt>&nbsp;<font style="font-size: 1.6em; line-height: 0.0em; ">|</font> DEBUG:fuse.log-mixin:-> opendir /headline 2 () </br>
<tt style="color: white;"><b>O</b></tt>&nbsp;<font style="font-size: 1.6em; line-height: 0.0em; ">|</font> DEBUG:fuse.log-mixin:<- opendir 0 </br>
<tt style="color: white;"><b>O</b></tt>&nbsp;<font style="font-size: 1.6em; line-height: 0.0em; ">|</font> DEBUG:fuse.log-mixin:-> readdir /headline 2 (0L,) </br>
<tt style="color: white;"><b>O</b></tt>&nbsp;<font style="font-size: 1.6em; line-height: 0.0em; ">|</font> ERROR:root:ERR u'/headline 2' 0L </br>
<tt style="color: white;"><b>O</b></tt>&nbsp;<font style="font-size: 1.6em; line-height: 0.0em; ">|</font> DEBUG:fuse.log-mixin:<- readdir ['.', '..', 'section'] </br>
<tt style="color: white;"><b>O</b></tt>&nbsp;<font style="font-size: 1.6em; line-height: 0.0em; ">|</font> DEBUG:fuse.log-mixin:-> getattr /headline 2/section (None,) </br>
<tt style="color: white;"><b>O</b></tt>&nbsp;<font style="font-size: 1.6em; line-height: 0.0em; ">|</font> DEBUG:fuse.log-mixin:<- getattr {'st_ctime': 1587326242.084414, 'st_mtime': 1587326242.084414, 'st_gid': 1000, 'st_mode': 33060, 'st_nlink': 1, 'st_uid': 1000, 'st_size': 15, 'st_atime': 1587326242.084414} </br>
<tt style="color: white;"><b>O</b></tt>&nbsp;<font style="font-size: 1.6em; line-height: 0.0em; ">|</font> DEBUG:fuse.log-mixin:-> releasedir /headline 2 (0L,) </br>
<tt style="color: white;"><b>O</b></tt>&nbsp;<font style="font-size: 1.6em; line-height: 0.0em; ">|</font> DEBUG:fuse.log-mixin:<- releasedir 0 </br>
<tt style="color: white;"><b>O</b></tt>&nbsp;<font style="font-size: 1.6em; line-height: 0.0em; ">|</font> DEBUG:fuse.log-mixin:-> opendir /headline 9 () </br>
<tt style="color: white;"><b>O</b></tt>&nbsp;<font style="font-size: 1.6em; line-height: 0.0em; ">|</font> DEBUG:fuse.log-mixin:<- opendir 0 </br>
<tt style="color: white;"><b>O</b></tt>&nbsp;<font style="font-size: 1.6em; line-height: 0.0em; ">|</font> DEBUG:fuse.log-mixin:-> readdir /headline 9 (0L,) </br>
<tt style="color: white;"><b>O</b></tt>&nbsp;<font style="font-size: 1.6em; line-height: 0.0em; ">|</font> ERROR:root:ERR u'/headline 9' 0L </br>
<tt style="color: white;"><b>O</b></tt>&nbsp;<font style="font-size: 1.6em; line-height: 0.0em; ">|</font> DEBUG:fuse.log-mixin:<- readdir ['.', '..', 'section', 'inner headline 1', 'inner headline 2', 'inner headline 3'] </br>
<tt style="color: white;"><b>O</b></tt>&nbsp;<font style="font-size: 1.6em; line-height: 0.0em; ">|</font> DEBUG:fuse.log-mixin:-> getattr /headline 9/section (None,) </br>
<tt style="color: white;"><b>O</b></tt>&nbsp;<font style="font-size: 1.6em; line-height: 0.0em; ">|</font> DEBUG:fuse.log-mixin:<- getattr {'st_ctime': 1587326242.084414, 'st_mtime': 1587326242.084414, 'st_gid': 1000, 'st_mode': 33060, 'st_nlink': 1, 'st_uid': 1000, 'st_size': 19, 'st_atime': 1587326242.084414} </br>
<tt style="color: white;"><b>O</b></tt>&nbsp;<font style="font-size: 1.6em; line-height: 0.0em; ">|</font> DEBUG:fuse.log-mixin:-> getattr /headline 9/inner headline 1 (None,) </br>
<tt style="color: white;"><b>O</b></tt>&nbsp;<font style="font-size: 1.6em; line-height: 0.0em; ">|</font> DEBUG:fuse.log-mixin:<- getattr {'st_ctime': 1587326242.084414, 'st_mtime': 1587326242.084414, 'st_atime': 1587326242.084414, 'st_nlink': 2, 'st_uid': 1000, 'st_mode': 16749, 'st_gid': 1000} </br>
<tt style="color: white;"><b>O</b></tt>&nbsp;<font style="font-size: 1.6em; line-height: 0.0em; ">|</font> DEBUG:fuse.log-mixin:-> getattr /headline 9/inner headline 2 (None,) </br>
<tt style="color: white;"><b>O</b></tt>&nbsp;<font style="font-size: 1.6em; line-height: 0.0em; ">|</font> DEBUG:fuse.log-mixin:<- getattr {'st_ctime': 1587326242.084414, 'st_mtime': 1587326242.084414, 'st_atime': 1587326242.084414, 'st_nlink': 2, 'st_uid': 1000, 'st_mode': 16749, 'st_gid': 1000} </br>
<tt style="color: white;"><b>O</b></tt>&nbsp;<font style="font-size: 1.6em; line-height: 0.0em; ">|</font> DEBUG:fuse.log-mixin:-> getattr /headline 9/inner headline 3 (None,) </br>
<tt style="color: white;"><b>O</b></tt>&nbsp;<font style="font-size: 1.6em; line-height: 0.0em; ">|</font> DEBUG:fuse.log-mixin:<- getattr {'st_ctime': 1587326242.084414, 'st_mtime': 1587326242.084414, 'st_atime': 1587326242.084414, 'st_nlink': 2, 'st_uid': 1000, 'st_mode': 16749, 'st_gid': 1000} </br>
<tt style="color: white;"><b>O</b></tt>&nbsp;<font style="font-size: 1.6em; line-height: 0.0em; ">|</font> DEBUG:fuse.log-mixin:-> releasedir /headline 9 (0L,) </br>
<tt style="color: white;"><b>O</b></tt>&nbsp;<font style="font-size: 1.6em; line-height: 0.0em; ">|</font> DEBUG:fuse.log-mixin:<- releasedir 0 </br>
<tt style="color: white;"><b>O</b></tt>&nbsp;<font style="font-size: 1.6em; line-height: 0.0em; ">|</font> DEBUG:fuse.log-mixin:-> opendir /headline 9/inner headline 1 () </br>
<tt style="color: white;"><b>O</b></tt>&nbsp;<font style="font-size: 1.6em; line-height: 0.0em; ">|</font> DEBUG:fuse.log-mixin:<- opendir 0 </br>
<tt style="color: white;"><b>O</b></tt>&nbsp;<font style="font-size: 1.6em; line-height: 0.0em; ">|</font> DEBUG:fuse.log-mixin:-> readdir /headline 9/inner headline 1 (0L,) </br>
<tt style="color: white;"><b>O</b></tt>&nbsp;<font style="font-size: 1.6em; line-height: 0.0em; ">|</font> ERROR:root:ERR u'/headline 9/inner headline 1' 0L </br>
<tt style="color: white;"><b>O</b></tt>&nbsp;<font style="font-size: 1.6em; line-height: 0.0em; ">|</font> DEBUG:fuse.log-mixin:<- readdir ['.', '..', 'section'] </br>
<tt style="color: white;"><b>O</b></tt>&nbsp;<font style="font-size: 1.6em; line-height: 0.0em; ">|</font> DEBUG:fuse.log-mixin:-> getattr /headline 9/inner headline 1/section (None,) </br>
<tt style="color: white;"><b>O</b></tt>&nbsp;<font style="font-size: 1.6em; line-height: 0.0em; ">|</font> DEBUG:fuse.log-mixin:<- getattr {'st_ctime': 1587326242.084414, 'st_mtime': 1587326242.084414, 'st_gid': 1000, 'st_mode': 33060, 'st_nlink': 1, 'st_uid': 1000, 'st_size': 44, 'st_atime': 1587326242.084414} </br>
<tt style="color: white;"><b>O</b></tt>&nbsp;<font style="font-size: 1.6em; line-height: 0.0em; ">|</font> DEBUG:fuse.log-mixin:-> releasedir /headline 9/inner headline 1 (0L,) </br>
<tt style="color: white;"><b>O</b></tt>&nbsp;<font style="font-size: 1.6em; line-height: 0.0em; ">|</font> DEBUG:fuse.log-mixin:<- releasedir 0 </br>
<tt style="color: white;"><b>O</b></tt>&nbsp;<font style="font-size: 1.6em; line-height: 0.0em; ">|</font> DEBUG:fuse.log-mixin:-> opendir /headline 9/inner headline 2 () </br>
<tt style="color: white;"><b>O</b></tt>&nbsp;<font style="font-size: 1.6em; line-height: 0.0em; ">|</font> DEBUG:fuse.log-mixin:<- opendir 0 </br>
<tt style="color: white;"><b>O</b></tt>&nbsp;<font style="font-size: 1.6em; line-height: 0.0em; ">|</font> DEBUG:fuse.log-mixin:-> readdir /headline 9/inner headline 2 (0L,) </br>
<tt style="color: white;"><b>O</b></tt>&nbsp;<font style="font-size: 1.6em; line-height: 0.0em; ">|</font> ERROR:root:ERR u'/headline 9/inner headline 2' 0L </br>
<tt style="color: white;"><b>O</b></tt>&nbsp;<font style="font-size: 1.6em; line-height: 0.0em; ">|</font> DEBUG:fuse.log-mixin:<- readdir ['.', '..', 'section'] </br>
<tt style="color: white;"><b>O</b></tt>&nbsp;<font style="font-size: 1.6em; line-height: 0.0em; ">|</font> DEBUG:fuse.log-mixin:-> getattr /headline 9/inner headline 2/section (None,) </br>
<tt style="color: white;"><b>O</b></tt>&nbsp;<font style="font-size: 1.6em; line-height: 0.0em; ">|</font> DEBUG:fuse.log-mixin:<- getattr {'st_ctime': 1587326242.084414, 'st_mtime': 1587326242.084414, 'st_gid': 1000, 'st_mode': 33060, 'st_nlink': 1, 'st_uid': 1000, 'st_size': 16, 'st_atime': 1587326242.084414} </br>
<tt style="color: white;"><b>O</b></tt>&nbsp;<font style="font-size: 1.6em; line-height: 0.0em; ">|</font> DEBUG:fuse.log-mixin:-> releasedir /headline 9/inner headline 2 (0L,) </br>
<tt style="color: white;"><b>O</b></tt>&nbsp;<font style="font-size: 1.6em; line-height: 0.0em; ">|</font> DEBUG:fuse.log-mixin:<- releasedir 0 </br>
<tt style="color: white;"><b>O</b></tt>&nbsp;<font style="font-size: 1.6em; line-height: 0.0em; ">|</font> DEBUG:fuse.log-mixin:-> opendir /headline 9/inner headline 3 () </br>
<tt style="color: white;"><b>O</b></tt>&nbsp;<font style="font-size: 1.6em; line-height: 0.0em; ">|</font> DEBUG:fuse.log-mixin:<- opendir 0 </br>
<tt style="color: white;"><b>O</b></tt>&nbsp;<font style="font-size: 1.6em; line-height: 0.0em; ">|</font> DEBUG:fuse.log-mixin:-> readdir /headline 9/inner headline 3 (0L,) </br>
<tt style="color: white;"><b>O</b></tt>&nbsp;<font style="font-size: 1.6em; line-height: 0.0em; ">|</font> ERROR:root:ERR u'/headline 9/inner headline 3' 0L </br>
<tt style="color: white;"><b>O</b></tt>&nbsp;<font style="font-size: 1.6em; line-height: 0.0em; ">|</font> DEBUG:fuse.log-mixin:<- readdir ['.', '..', 'inner inner headline 1'] </br>
<tt style="color: white;"><b>O</b></tt>&nbsp;<font style="font-size: 1.6em; line-height: 0.0em; ">|</font> DEBUG:fuse.log-mixin:-> getattr /headline 9/inner headline 3/inner inner headline 1 (None,) </br>
<tt style="color: white;"><b>O</b></tt>&nbsp;<font style="font-size: 1.6em; line-height: 0.0em; ">|</font> DEBUG:fuse.log-mixin:<- getattr {'st_ctime': 1587326242.084414, 'st_mtime': 1587326242.084414, 'st_atime': 1587326242.084414, 'st_nlink': 2, 'st_uid': 1000, 'st_mode': 16749, 'st_gid': 1000} </br>
<tt style="color: white;"><b>O</b></tt>&nbsp;<font style="font-size: 1.6em; line-height: 0.0em; ">|</font> DEBUG:fuse.log-mixin:-> releasedir /headline 9/inner headline 3 (0L,) </br>
<tt style="color: white;"><b>O</b></tt>&nbsp;<font style="font-size: 1.6em; line-height: 0.0em; ">|</font> DEBUG:fuse.log-mixin:<- releasedir 0 </br>
<tt style="color: white;"><b>O</b></tt>&nbsp;<font style="font-size: 1.6em; line-height: 0.0em; ">|</font> DEBUG:fuse.log-mixin:-> opendir /headline 9/inner headline 3/inner inner headline 1 () </br>
<tt style="color: white;"><b>O</b></tt>&nbsp;<font style="font-size: 1.6em; line-height: 0.0em; ">|</font> DEBUG:fuse.log-mixin:<- opendir 0 </br>
<tt style="color: white;"><b>O</b></tt>&nbsp;<font style="font-size: 1.6em; line-height: 0.0em; ">|</font> DEBUG:fuse.log-mixin:-> readdir /headline 9/inner headline 3/inner inner headline 1 (0L,) </br>
<tt style="color: white;"><b>O</b></tt>&nbsp;<font style="font-size: 1.6em; line-height: 0.0em; ">|</font> ERROR:root:ERR u'/headline 9/inner headline 3/inner inner headline 1' 0L </br>
<tt style="color: white;"><b>O</b></tt>&nbsp;<font style="font-size: 1.6em; line-height: 0.0em; ">|</font> DEBUG:fuse.log-mixin:<- readdir ['.', '..'] </br>
<tt style="color: white;"><b>O</b></tt>&nbsp;<font style="font-size: 1.6em; line-height: 0.0em; ">|</font> DEBUG:fuse.log-mixin:-> releasedir /headline 9/inner headline 3/inner inner headline 1 (0L,) </br>
<tt style="color: white;"><b>O</b></tt>&nbsp;<font style="font-size: 1.6em; line-height: 0.0em; ">|</font> DEBUG:fuse.log-mixin:<- releasedir 0 </br>
<font style="color: orange;"> Process finished. Got signal 9 </font> </br>
