<font style="color: orange;"> Process started. PID = 1962 </font> </br>
<tt style="color: white;"><b>O</b></tt>&nbsp;<font style="font-size: 1.6em; line-height: 0.0em; ">|</font> ERROR:root:ERR sdff </br>
<tt style="color: white;"><b>O</b></tt>&nbsp;<font style="font-size: 1.6em; line-height: 0.0em; ">|</font> ERROR:root:Error :( </br>
<tt style="color: white;"><b>O</b></tt>&nbsp;<font style="font-size: 1.6em; line-height: 0.0em; ">|</font> Traceback (most recent call last): </br>
<tt style="color: white;"><b>O</b></tt>&nbsp;<font style="font-size: 1.6em; line-height: 0.0em; ">|</font>   File "fuse_json.py", line 155, in find_json_path </br>
<tt style="color: white;"><b>O</b></tt>&nbsp;<font style="font-size: 1.6em; line-height: 0.0em; ">|</font>     j = j[part] </br>
<tt style="color: white;"><b>O</b></tt>&nbsp;<font style="font-size: 1.6em; line-height: 0.0em; ">|</font> KeyError: u'.xdg-volume-info' </br>
<tt style="color: white;"><b>O</b></tt>&nbsp;<font style="font-size: 1.6em; line-height: 0.0em; ">|</font> ERROR:root:Error :( </br>
<tt style="color: white;"><b>O</b></tt>&nbsp;<font style="font-size: 1.6em; line-height: 0.0em; ">|</font> Traceback (most recent call last): </br>
<tt style="color: white;"><b>O</b></tt>&nbsp;<font style="font-size: 1.6em; line-height: 0.0em; ">|</font>   File "fuse_json.py", line 155, in find_json_path </br>
<tt style="color: white;"><b>O</b></tt>&nbsp;<font style="font-size: 1.6em; line-height: 0.0em; ">|</font>     j = j[part] </br>
<tt style="color: white;"><b>O</b></tt>&nbsp;<font style="font-size: 1.6em; line-height: 0.0em; ">|</font> KeyError: u'autorun.inf' </br>
<tt style="color: white;"><b>O</b></tt>&nbsp;<font style="font-size: 1.6em; line-height: 0.0em; ">|</font> ERROR:root:Error :( </br>
<tt style="color: white;"><b>O</b></tt>&nbsp;<font style="font-size: 1.6em; line-height: 0.0em; ">|</font> Traceback (most recent call last): </br>
<tt style="color: white;"><b>O</b></tt>&nbsp;<font style="font-size: 1.6em; line-height: 0.0em; ">|</font>   File "fuse_json.py", line 155, in find_json_path </br>
<tt style="color: white;"><b>O</b></tt>&nbsp;<font style="font-size: 1.6em; line-height: 0.0em; ">|</font>     j = j[part] </br>
<tt style="color: white;"><b>O</b></tt>&nbsp;<font style="font-size: 1.6em; line-height: 0.0em; ">|</font> KeyError: u'.Trash' </br>
<tt style="color: white;"><b>O</b></tt>&nbsp;<font style="font-size: 1.6em; line-height: 0.0em; ">|</font> ERROR:root:Error :( </br>
<tt style="color: white;"><b>O</b></tt>&nbsp;<font style="font-size: 1.6em; line-height: 0.0em; ">|</font> Traceback (most recent call last): </br>
<tt style="color: white;"><b>O</b></tt>&nbsp;<font style="font-size: 1.6em; line-height: 0.0em; ">|</font>   File "fuse_json.py", line 155, in find_json_path </br>
<tt style="color: white;"><b>O</b></tt>&nbsp;<font style="font-size: 1.6em; line-height: 0.0em; ">|</font>     j = j[part] </br>
<tt style="color: white;"><b>O</b></tt>&nbsp;<font style="font-size: 1.6em; line-height: 0.0em; ">|</font> KeyError: u'.Trash-1000' </br>
<tt style="color: white;"><b>O</b></tt>&nbsp;<font style="font-size: 1.6em; line-height: 0.0em; ">|</font> ERROR:root:ERR u'/' 0L </br>
<tt style="color: white;"><b>O</b></tt>&nbsp;<font style="font-size: 1.6em; line-height: 0.0em; ">|</font> ERROR:root:ERR u'/' 0L </br>
<tt style="color: white;"><b>O</b></tt>&nbsp;<font style="font-size: 1.6em; line-height: 0.0em; ">|</font> ERROR:root:ERR u'/' 0L </br>
<tt style="color: white;"><b>O</b></tt>&nbsp;<font style="font-size: 1.6em; line-height: 0.0em; ">|</font> ERROR:root:ERR u'/' 0L </br>
<tt style="color: white;"><b>O</b></tt>&nbsp;<font style="font-size: 1.6em; line-height: 0.0em; ">|</font> ERROR:root:ERR u'/' 0L </br>
<tt style="color: white;"><b>O</b></tt>&nbsp;<font style="font-size: 1.6em; line-height: 0.0em; ">|</font> ERROR:root:ERR u'/' 0L </br>
<tt style="color: white;"><b>O</b></tt>&nbsp;<font style="font-size: 1.6em; line-height: 0.0em; ">|</font> ERROR:root:ERR u'/' 0L </br>
<tt style="color: white;"><b>O</b></tt>&nbsp;<font style="font-size: 1.6em; line-height: 0.0em; ">|</font> ERROR:root:ERR u'/' 0L </br>
<tt style="color: white;"><b>O</b></tt>&nbsp;<font style="font-size: 1.6em; line-height: 0.0em; ">|</font> ERROR:root:ERR u'/' 0L </br>
<tt style="color: white;"><b>O</b></tt>&nbsp;<font style="font-size: 1.6em; line-height: 0.0em; ">|</font> ERROR:root:ERR u'/' 0L </br>
<tt style="color: white;"><b>O</b></tt>&nbsp;<font style="font-size: 1.6em; line-height: 0.0em; ">|</font> ERROR:root:ERR u'/' 0L </br>
<tt style="color: white;"><b>O</b></tt>&nbsp;<font style="font-size: 1.6em; line-height: 0.0em; ">|</font> ERROR:root:ERR u'/' 0L </br>
<tt style="color: white;"><b>O</b></tt>&nbsp;<font style="font-size: 1.6em; line-height: 0.0em; ">|</font> ERROR:root:ERR u'/' 0L </br>
<tt style="color: white;"><b>O</b></tt>&nbsp;<font style="font-size: 1.6em; line-height: 0.0em; ">|</font> ERROR:root:ERR u'/' 0L </br>
<tt style="color: white;"><b>O</b></tt>&nbsp;<font style="font-size: 1.6em; line-height: 0.0em; ">|</font> ERROR:root:ERR u'/' 0L </br>
<tt style="color: white;"><b>O</b></tt>&nbsp;<font style="font-size: 1.6em; line-height: 0.0em; ">|</font> ERROR:root:ERR u'/' 0L </br>
<tt style="color: white;"><b>O</b></tt>&nbsp;<font style="font-size: 1.6em; line-height: 0.0em; ">|</font> ERROR:root:ERR u'/' 0L </br>
<tt style="color: white;"><b>O</b></tt>&nbsp;<font style="font-size: 1.6em; line-height: 0.0em; ">|</font> ERROR:root:ERR u'/' 0L </br>
<tt style="color: white;"><b>O</b></tt>&nbsp;<font style="font-size: 1.6em; line-height: 0.0em; ">|</font> ERROR:root:ERR u'/' 0L </br>
<tt style="color: white;"><b>O</b></tt>&nbsp;<font style="font-size: 1.6em; line-height: 0.0em; ">|</font> ERROR:root:ERR u'/' 0L </br>
<tt style="color: white;"><b>O</b></tt>&nbsp;<font style="font-size: 1.6em; line-height: 0.0em; ">|</font> ERROR:root:ERR u'/' 0L </br>
<tt style="color: white;"><b>O</b></tt>&nbsp;<font style="font-size: 1.6em; line-height: 0.0em; ">|</font> ERROR:root:ERR u'/' 0L </br>
<tt style="color: white;"><b>O</b></tt>&nbsp;<font style="font-size: 1.6em; line-height: 0.0em; ">|</font> ERROR:root:ERR u'/' 0L </br>
<tt style="color: white;"><b>O</b></tt>&nbsp;<font style="font-size: 1.6em; line-height: 0.0em; ">|</font> ERROR:root:Error :( </br>
<tt style="color: white;"><b>O</b></tt>&nbsp;<font style="font-size: 1.6em; line-height: 0.0em; ">|</font> Traceback (most recent call last): </br>
<tt style="color: white;"><b>O</b></tt>&nbsp;<font style="font-size: 1.6em; line-height: 0.0em; ">|</font>   File "fuse_json.py", line 155, in find_json_path </br>
<tt style="color: white;"><b>O</b></tt>&nbsp;<font style="font-size: 1.6em; line-height: 0.0em; ">|</font>     j = j[part] </br>
<tt style="color: white;"><b>O</b></tt>&nbsp;<font style="font-size: 1.6em; line-height: 0.0em; ">|</font> KeyError: u'autorun.inf' </br>
<tt style="color: white;"><b>O</b></tt>&nbsp;<font style="font-size: 1.6em; line-height: 0.0em; ">|</font> ERROR:root:ERR u'/' 0L </br>
<tt style="color: white;"><b>O</b></tt>&nbsp;<font style="font-size: 1.6em; line-height: 0.0em; ">|</font> ERROR:root:ERR u'/c' 0L </br>
<tt style="color: white;"><b>O</b></tt>&nbsp;<font style="font-size: 1.6em; line-height: 0.0em; ">|</font> Traceback (most recent call last): </br>
<tt style="color: white;"><b>O</b></tt>&nbsp;<font style="font-size: 1.6em; line-height: 0.0em; ">|</font>   File "/usr/lib/python2.7/logging/__init__.py", line 861, in emit </br>
<tt style="color: white;"><b>O</b></tt>&nbsp;<font style="font-size: 1.6em; line-height: 0.0em; ">|</font>     msg = self.format(record) </br>
<tt style="color: white;"><b>O</b></tt>&nbsp;<font style="font-size: 1.6em; line-height: 0.0em; ">|</font>   File "/usr/lib/python2.7/logging/__init__.py", line 734, in format </br>
<tt style="color: white;"><b>O</b></tt>&nbsp;<font style="font-size: 1.6em; line-height: 0.0em; ">|</font>     return fmt.format(record) </br>
<tt style="color: white;"><b>O</b></tt>&nbsp;<font style="font-size: 1.6em; line-height: 0.0em; ">|</font>   File "/usr/lib/python2.7/logging/__init__.py", line 465, in format </br>
<tt style="color: white;"><b>O</b></tt>&nbsp;<font style="font-size: 1.6em; line-height: 0.0em; ">|</font>     record.message = record.getMessage() </br>
<tt style="color: white;"><b>O</b></tt>&nbsp;<font style="font-size: 1.6em; line-height: 0.0em; ">|</font>   File "/usr/lib/python2.7/logging/__init__.py", line 329, in getMessage </br>
<tt style="color: white;"><b>O</b></tt>&nbsp;<font style="font-size: 1.6em; line-height: 0.0em; ">|</font>     msg = msg % self.args </br>
<tt style="color: white;"><b>O</b></tt>&nbsp;<font style="font-size: 1.6em; line-height: 0.0em; ">|</font> TypeError: not all arguments converted during string formatting </br>
<tt style="color: white;"><b>O</b></tt>&nbsp;<font style="font-size: 1.6em; line-height: 0.0em; ">|</font> Logged from file fuse_json.py, line 173 </br>
<font style="color: orange;"> Process finished. Got signal 9 </font> </br>
