<font style="color: orange;"> Process started. PID = 24199 </font> </br>
<tt style="color: red;"><b>E</b></tt>&nbsp;<font style="font-size: 1.6em; line-height: 0.0em; ">|</font> fuse: mountpoint is not empty </br>
<tt style="color: red;"><b>E</b></tt>&nbsp;<font style="font-size: 1.6em; line-height: 0.0em; ">|</font> fuse: if you are sure this is safe, use the 'nonempty' mount option </br>
<tt style="color: red;"><b>E</b></tt>&nbsp;<font style="font-size: 1.6em; line-height: 0.0em; ">|</font>  </br>
<tt style="color: red;"><b>E</b></tt>&nbsp;<font style="font-size: 1.6em; line-height: 0.0em; ">|</font> ================================================================= </br>
<tt style="color: red;"><b>E</b></tt>&nbsp;<font style="font-size: 1.6em; line-height: 0.0em; ">|</font> ==24199==ERROR: LeakSanitizer: detected memory leaks </br>
<tt style="color: red;"><b>E</b></tt>&nbsp;<font style="font-size: 1.6em; line-height: 0.0em; ">|</font>  </br>
<tt style="color: red;"><b>E</b></tt>&nbsp;<font style="font-size: 1.6em; line-height: 0.0em; ">|</font> Direct leak of 32 byte(s) in 1 object(s) allocated from: </br>
<tt style="color: red;"><b>E</b></tt>&nbsp;<font style="font-size: 1.6em; line-height: 0.0em; ">|</font>     #0 0x7fc74992b9c1 in realloc (/usr/lib/x86_64-linux-gnu/libasan.so.2+0x989c1) </br>
<tt style="color: red;"><b>E</b></tt>&nbsp;<font style="font-size: 1.6em; line-height: 0.0em; ">|</font>     #1 0x7fc74966eabf in fuse_opt_add_arg (/lib/x86_64-linux-gnu/libfuse.so.2+0x17abf) </br>
<tt style="color: red;"><b>E</b></tt>&nbsp;<font style="font-size: 1.6em; line-height: 0.0em; ">|</font>  </br>
<tt style="color: red;"><b>E</b></tt>&nbsp;<font style="font-size: 1.6em; line-height: 0.0em; ">|</font> Indirect leak of 37 byte(s) in 2 object(s) allocated from: </br>
<tt style="color: red;"><b>E</b></tt>&nbsp;<font style="font-size: 1.6em; line-height: 0.0em; ">|</font>     #0 0x7fc74992b662 in malloc (/usr/lib/x86_64-linux-gnu/libasan.so.2+0x98662) </br>
<tt style="color: red;"><b>E</b></tt>&nbsp;<font style="font-size: 1.6em; line-height: 0.0em; ">|</font>     #1 0x7fc749318489 in __strdup (/lib/x86_64-linux-gnu/libc.so.6+0x8b489) </br>
<tt style="color: red;"><b>E</b></tt>&nbsp;<font style="font-size: 1.6em; line-height: 0.0em; ">|</font>  </br>
<tt style="color: red;"><b>E</b></tt>&nbsp;<font style="font-size: 1.6em; line-height: 0.0em; ">|</font> Indirect leak of 7 byte(s) in 1 object(s) allocated from: </br>
<tt style="color: red;"><b>E</b></tt>&nbsp;<font style="font-size: 1.6em; line-height: 0.0em; ">|</font>     #0 0x7fc74992b662 in malloc (/usr/lib/x86_64-linux-gnu/libasan.so.2+0x98662) </br>
<tt style="color: red;"><b>E</b></tt>&nbsp;<font style="font-size: 1.6em; line-height: 0.0em; ">|</font>     #1 0x7fc749318489 in __strdup (/lib/x86_64-linux-gnu/libc.so.6+0x8b489) </br>
<tt style="color: red;"><b>E</b></tt>&nbsp;<font style="font-size: 1.6em; line-height: 0.0em; ">|</font>     #2 0x676f6c2d2d0065  (<unknown module>) </br>
<tt style="color: red;"><b>E</b></tt>&nbsp;<font style="font-size: 1.6em; line-height: 0.0em; ">|</font>  </br>
<tt style="color: red;"><b>E</b></tt>&nbsp;<font style="font-size: 1.6em; line-height: 0.0em; ">|</font> SUMMARY: AddressSanitizer: 76 byte(s) leaked in 4 allocation(s). </br>
<font style="color: orange;"> Process finished. Exit code 23 </font> </br>
