<font style="color: orange;"> Process started. PID = 2236 </font> </br>
<tt style="color: white;"><b>O</b></tt>&nbsp;<font style="font-size: 1.6em; line-height: 0.0em; ">|</font> ERROR:root:ERR u'/' 0L </br>
<tt style="color: white;"><b>O</b></tt>&nbsp;<font style="font-size: 1.6em; line-height: 0.0em; ">|</font> ERROR:root:ERR u'/' 0L </br>
<tt style="color: white;"><b>O</b></tt>&nbsp;<font style="font-size: 1.6em; line-height: 0.0em; ">|</font> ERROR:root:ERR u'/' 0L </br>
<tt style="color: white;"><b>O</b></tt>&nbsp;<font style="font-size: 1.6em; line-height: 0.0em; ">|</font> ERROR:root:ERR u'/' 0L </br>
<tt style="color: white;"><b>O</b></tt>&nbsp;<font style="font-size: 1.6em; line-height: 0.0em; ">|</font> ERROR:root:ERR u'/' 0L </br>
<tt style="color: white;"><b>O</b></tt>&nbsp;<font style="font-size: 1.6em; line-height: 0.0em; ">|</font> ERROR:root:ERR u'/' 0L </br>
<tt style="color: white;"><b>O</b></tt>&nbsp;<font style="font-size: 1.6em; line-height: 0.0em; ">|</font> ERROR:root:ERR u'/' 0L </br>
<tt style="color: white;"><b>O</b></tt>&nbsp;<font style="font-size: 1.6em; line-height: 0.0em; ">|</font> ERROR:root:ERR u'/' 0L </br>
<tt style="color: white;"><b>O</b></tt>&nbsp;<font style="font-size: 1.6em; line-height: 0.0em; ">|</font> ERROR:root:ERR u'/' 0L </br>
<tt style="color: white;"><b>O</b></tt>&nbsp;<font style="font-size: 1.6em; line-height: 0.0em; ">|</font> ERROR:root:ERR u'/' 0L </br>
<tt style="color: white;"><b>O</b></tt>&nbsp;<font style="font-size: 1.6em; line-height: 0.0em; ">|</font> ERROR:root:ERR u'/' 0L </br>
<tt style="color: white;"><b>O</b></tt>&nbsp;<font style="font-size: 1.6em; line-height: 0.0em; ">|</font> ERROR:root:ERR u'/' 0L </br>
<tt style="color: white;"><b>O</b></tt>&nbsp;<font style="font-size: 1.6em; line-height: 0.0em; ">|</font> ERROR:root:ERR u'/' 0L </br>
<tt style="color: white;"><b>O</b></tt>&nbsp;<font style="font-size: 1.6em; line-height: 0.0em; ">|</font> ERROR:root:ERR u'/' 0L </br>
<tt style="color: white;"><b>O</b></tt>&nbsp;<font style="font-size: 1.6em; line-height: 0.0em; ">|</font> ERROR:root:ERR u'/' 0L </br>
<tt style="color: white;"><b>O</b></tt>&nbsp;<font style="font-size: 1.6em; line-height: 0.0em; ">|</font> ERROR:root:ERR u'/' 0L </br>
<tt style="color: white;"><b>O</b></tt>&nbsp;<font style="font-size: 1.6em; line-height: 0.0em; ">|</font> ERROR:root:ERR u'/' 0L </br>
<tt style="color: white;"><b>O</b></tt>&nbsp;<font style="font-size: 1.6em; line-height: 0.0em; ">|</font> ERROR:root:ERR u'/' 0L </br>
<tt style="color: white;"><b>O</b></tt>&nbsp;<font style="font-size: 1.6em; line-height: 0.0em; ">|</font> ERROR:root:ERR u'/' 0L </br>
<tt style="color: white;"><b>O</b></tt>&nbsp;<font style="font-size: 1.6em; line-height: 0.0em; ">|</font> ERROR:root:ERR u'/' 0L </br>
<tt style="color: white;"><b>O</b></tt>&nbsp;<font style="font-size: 1.6em; line-height: 0.0em; ">|</font> ERROR:root:ERR u'/' 0L </br>
<tt style="color: white;"><b>O</b></tt>&nbsp;<font style="font-size: 1.6em; line-height: 0.0em; ">|</font> ERROR:root:ERR u'/' 0L </br>
<tt style="color: white;"><b>O</b></tt>&nbsp;<font style="font-size: 1.6em; line-height: 0.0em; ">|</font> ERROR:root:ERR u'/' 0L </br>
<tt style="color: white;"><b>O</b></tt>&nbsp;<font style="font-size: 1.6em; line-height: 0.0em; ">|</font> ERROR:root:ERR u'/' 0L </br>
<tt style="color: white;"><b>O</b></tt>&nbsp;<font style="font-size: 1.6em; line-height: 0.0em; ">|</font> ERROR:root:ERR u'/c' 0L </br>
<tt style="color: white;"><b>O</b></tt>&nbsp;<font style="font-size: 1.6em; line-height: 0.0em; ">|</font> ERROR:root:ERR READ u'/a' 4096L 0 </br>
<font style="color: orange;"> Process finished. Got signal 9 </font> </br>
